TP.0034-RÜB:Planung/Grunderwerb:0,0:MON:31.05.2001:31.05.2001
TP.0034-RÜB:Genehmigung:15,0:MON:31.05.2001:30.08.2002
TP.0034-RÜB:Ausführung:14,0:MON:02.09.2002:30.10.2003
TP.0036-KA:Planung/Grunderwerb:0,0:MON:29.12.2005:29.12.2005
TP.0036-KA:Genehmigung:0,0:MON:29.12.2005:29.12.2005
TP.0036-KA:Ausführung:26,0:MON:29.12.2005:28.02.2008
TP.0040-KA:Planung/Grunderwerb:0,0:MON:29.12.2004:29.12.2004
TP.0040-KA:Genehmigung:0,0:MON:29.12.2004:29.12.2004
TP.0040-KA:Ausführung:12,0:MON:29.12.2004:28.12.2005
TP.0040-KA:Planung/Grunderwerb:0,0:MON:29.12.2004:29.12.2004
TP.0040-KA:Genehmigung:0,0:MON:29.12.2004:29.12.2004
TP.0040-KA:Ausführung:12,0:MON:29.12.2004:28.12.2005
TP.0043-KA:Planung/Grunderwerb:23,8:MON:02.01.1995:19.12.1996
TP.0043-KA:Genehmigung:0,1:MON:20.12.1996:23.12.1996
TP.0043-KA:Ausführung:95,8:MON:27.12.1996:16.12.2004
TP.0046-KA:Planung/Grunderwerb:0,0:MON:03.01.2005:03.01.2005
TP.0046-KA:Genehmigung:0,0:MON:03.01.2005:03.01.2005
TP.0046-KA:Ausführung:12,0:MON:03.01.2005:02.01.2006
TP.0053-KA:Planung/Grunderwerb:8,9:MON:02.02.2004:26.10.2004
TP.0053-KA:Genehmigung:2,1:MON:27.10.2004:29.12.2004
TP.0053-KA:Ausführung:12,0:MON:30.12.2004:29.12.2005
TP.0054-KA:Planung/Grunderwerb:8,6:MON:10.02.2004:26.10.2004
TP.0054-KA:Genehmigung:2,1:MON:27.10.2004:29.12.2004
TP.0054-KA:Ausführung:12,0:MON:30.12.2004:29.12.2005
TP.0056-KA:Planung/Grunderwerb:0,0:MON:03.01.2005:03.01.2005
TP.0056-KA:Genehmigung:0,0:MON:03.01.2005:03.01.2005
TP.0056-KA:Ausführung:12,0:MON:03.01.2005:02.01.2006
TP.0057-KA:Planung/Grunderwerb:0,0:MON:03.01.2005:03.01.2005
TP.0057-KA:Genehmigung:8,0:MON:03.01.2005:02.09.2005
TP.0057-KA:Ausführung:9,9:MON:05.09.2005:28.06.2006
TP.0058-KA:Planung/Grunderwerb:0,0:MON:28.12.2004:28.12.2004
TP.0058-KA:Genehmigung:3,0:MON:29.12.2004:24.03.2005
TP.0058-KA:Ausführung:33,0:MON:29.03.2005:21.12.2007
TP.0059-KA:Planung/Grunderwerb:5,9:MON:29.12.2004:23.06.2005
TP.0059-KA:Genehmigung:6,0:MON:24.06.2005:23.12.2005
TP.0059-KA:Ausführung:26,0:MON:27.12.2005:22.02.2008
TP.0062-TSP:Planung/Grunderwerb:0,0:MON:03.01.2005:03.01.2005
TP.0062-TSP:Genehmigung:0,0:MON:03.01.2005:03.01.2005
TP.0062-TSP:Ausführung:72,0:MON:03.01.2005:30.12.2010
TP.0063-TSP:Planung/Grunderwerb:12,0:MON:03.01.2005:02.01.2006
TP.0063-TSP:Genehmigung:0,0:MON:02.01.2006:02.01.2006
TP.0063-TSP:Ausführung:0,0:MON:02.01.2006:02.01.2006
TP.0067-TSP:Planung/Grunderwerb:0,0:MON:03.01.2005:03.01.2005
TP.0067-TSP:Genehmigung:0,0:MON:03.01.2005:03.01.2005
TP.0067-TSP:Ausführung:24,0:MON:03.01.2005:02.01.2007
TP.0067-EIN:Einnahmen:0,0:MON:28.09.2005:28.09.2005
TP.0073-TSP:Planung/Grunderwerb:0,0:MON:03.01.2005:03.01.2005
TP.0073-TSP:Genehmigung:0,0:MON:03.01.2005:03.01.2005
TP.0073-TSP:Ausführung:60,0:MON:03.01.2005:30.12.2009
TP.0074-TSP:Planung/Grunderwerb:0,0:MON:29.12.2004:29.12.2004
TP.0074-TSP:Genehmigung:0,0:MON:29.12.2004:29.12.2004
TP.0074-TSP:Ausführung:24,0:MON:29.12.2004:28.12.2006
TP.0076-TSP:Planung/Grunderwerb:0,0:MON:03.01.2005:03.01.2005
TP.0076-TSP:Genehmigung:0,0:MON:03.01.2005:03.01.2005
TP.0076-TSP:Ausführung:72,0:MON:03.01.2005:30.12.2010
TP.0078-TSP:Planung/Grunderwerb:0,0:MON:02.01.2007:02.01.2007
TP.0078-TSP:Genehmigung:0,0:MON:02.01.2007:02.01.2007
TP.0078-TSP:Ausführung:48,0:MON:02.01.2007:30.12.2010
TP.0080-TSP:Planung/Grunderwerb:0,0:MON:03.01.2005:03.01.2005
TP.0080-TSP:Genehmigung:0,0:MON:03.01.2005:03.01.2005
TP.0080-TSP:Ausführung:36,0:MON:03.01.2005:02.01.2008
TP.0081-TSP:Planung/Grunderwerb:0,0:MON:03.01.2005:03.01.2005
TP.0081-TSP:Genehmigung:0,0:MON:03.01.2005:03.01.2005
TP.0081-TSP:Ausführung:12,0:MON:03.01.2005:02.01.2006
TP.0082-TSP:Planung/Grunderwerb:0,0:MON:03.01.2005:03.01.2005
TP.0082-TSP:Genehmigung:0,0:MON:03.01.2005:03.01.2005
TP.0082-TSP:Ausführung:12,0:MON:03.01.2005:02.01.2006
TP.0086-GEW:Planung/Grunderwerb:24,0:MON:30.12.2004:29.12.2006
TP.0086-GEW:Genehmigung:0,0:MON:29.12.2006:29.12.2006
TP.0086-GEW:Ausführung:0,0:MON:29.12.2006:29.12.2006
TP.0086-EIN:Einnahmen:24,0:MON:03.01.2005:02.01.2007
TP.0087-GEW:Planung/Grunderwerb:12,0:MON:03.01.2005:02.01.2006
TP.0087-GEW:Genehmigung:0,0:MON:02.01.2006:02.01.2006
TP.0087-GEW:Ausführung:0,0:MON:02.01.2006:02.01.2006
TP.0090-GEW:Planung/Grunderwerb:30,0:MON:20.12.2004:19.06.2007
TP.0090-GEW:Genehmigung:18,0:MON:20.06.2007:19.12.2008
TP.0090-GEW:Ausführung:12,0:MON:22.12.2008:18.12.2009
TP.0090-EIN:Einnahmen:48,0:MON:02.01.2006:30.12.2009
TP.0093-GEW:Planung/Grunderwerb:0,0:MON:03.01.2005:03.01.2005
TP.0093-GEW:Genehmigung:0,0:MON:03.01.2005:03.01.2005
TP.0093-GEW:Ausführung:12,0:MON:03.01.2005:02.01.2006
TP.0093-EIN:Einnahmen:0,0:MON:02.01.2005:02.01.2005
TP.0096-GEW:Planung/Grunderwerb:30,0:MON:30.12.2004:29.06.2007
TP.0096-GEW:Genehmigung:18,0:MON:02.07.2007:29.12.2008
TP.0096-GEW:Ausführung:12,0:MON:30.12.2008:29.12.2009
TP.0096-EIN:Einnahmen:24,0:MON:28.12.2007:23.12.2009
TP.0100-GEW:Planung/Grunderwerb:24,0:MON:30.12.2004:29.12.2006
TP.0100-GEW:Genehmigung:0,0:MON:29.12.2006:29.12.2006
TP.0100-GEW:Ausführung:0,0:MON:29.12.2006:29.12.2006
TP.0100-EIN:Einnahmen:12,0:MON:30.12.2005:29.12.2006
TP.0101-GEW:Planung/Grunderwerb:18,0:MON:03.01.2005:30.06.2006
TP.0101-GEW:Genehmigung:18,0:MON:03.07.2006:28.12.2007
TP.0101-GEW:Ausführung:12,0:MON:02.01.2008:23.12.2008
TP.0101-EIN:Einnahmen:48,0:MON:03.01.2005:02.01.2009
TP.0103-GEW:Planung/Grunderwerb:30,0:MON:27.12.2004:26.06.2007
TP.0103-GEW:Genehmigung:18,0:MON:27.06.2007:23.12.2008
TP.0103-GEW:Ausführung:12,0:MON:29.12.2008:23.12.2009
TP.0103-EIN:Einnahmen:60,0:MON:03.01.2005:30.12.2009
TP.0104-GEW:Planung/Grunderwerb:54,0:MON:30.12.2004:29.06.2009
TP.0104-GEW:Genehmigung:18,0:MON:30.06.2009:29.12.2010
TP.0104-GEW:Ausführung:12,0:MON:30.12.2010:29.12.2011
TP.0104-EIN:Einnahmen:48,0:MON:02.01.2007:30.12.2010
TP.0106-GEW:Planung/Grunderwerb:0,0:MON:03.01.2005:03.01.2005
TP.0106-GEW:Genehmigung:0,0:MON:03.01.2005:03.01.2005
TP.0106-GEW:Ausführung:24,0:MON:03.01.2005:02.01.2007
TP.0106-EIN:Einnahmen:24,0:MON:30.12.2004:29.12.2006
TP.0112-HRB:Planung/Grunderwerb:48,0:MON:27.12.2004:23.12.2008
TP.0112-HRB:Genehmigung:0,0:MON:23.12.2008:23.12.2008
TP.0112-HRB:Ausführung:0,0:MON:23.12.2008:23.12.2008
TP.0112-EIN:Einnahmen:36,0:MON:27.12.2005:23.12.2008
TP.0114-GEW:Planung/Grunderwerb:0,0:MON:03.01.2005:03.01.2005
TP.0114-GEW:Genehmigung:0,0:MON:03.01.2005:03.01.2005
TP.0114-GEW:Ausführung:12,0:MON:03.01.2005:02.01.2006
TP.0114-EIN:Einnahmen:24,0:MON:30.12.2004:29.12.2006
TP.0118-HRB:Planung/Grunderwerb:18,0:MON:27.12.2004:26.06.2006
TP.0118-HRB:Genehmigung:18,0:MON:27.06.2006:21.12.2007
TP.0118-HRB:Ausführung:12,0:MON:27.12.2007:19.12.2008
TP.0118-EIN:Einnahmen:12,0:MON:02.01.2006:29.12.2006
TP.0120-GEW:Planung/Grunderwerb:24,0:MON:02.01.2009:30.12.2010
TP.0120-GEW:Genehmigung:0,0:MON:30.12.2010:30.12.2010
TP.0120-GEW:Ausführung:0,0:MON:30.12.2010:30.12.2010
TP.0120-EIN:Einnahmen:24,0:MON:02.01.2009:30.12.2010
TP.0132-KA:Planung/Grunderwerb:71,9:MON:08.12.1998:02.12.2004
TP.0132-KA:Genehmigung:3,1:MON:03.12.2004:03.03.2005
TP.0132-KA:Ausführung:18,0:MON:04.03.2005:01.09.2006
TP.0140-BAU:Planung/Grunderwerb:0,0:MON:03.01.2005:03.01.2005
TP.0140-BAU:Genehmigung:0,0:MON:03.01.2005:03.01.2005
TP.0140-BAU:Ausführung:5,9:MON:03.01.2005:28.06.2005
TP.0141-KA:Planung/Grunderwerb:0,0:MON:03.01.2005:03.01.2005
TP.0141-KA:Genehmigung:0,0:MON:03.01.2005:03.01.2005
TP.0141-KA:Ausführung:24,0:MON:03.01.2005:02.01.2007
TP.0142-RÜB:Planung/Grunderwerb:12,0:MON:02.01.2008:30.12.2008
TP.0142-RÜB:Genehmigung:0,0:MON:30.12.2008:30.12.2008
TP.0142-RÜB:Ausführung:0,0:MON:30.12.2008:30.12.2008
TP.0143-GEW:Planung/Grunderwerb:30,0:MON:03.01.2005:02.07.2007
TP.0143-GEW:Genehmigung:18,0:MON:03.07.2007:02.01.2009
TP.0143-GEW:Ausführung:12,0:MON:05.01.2009:30.12.2009
TP.0143-EIN:Einnahmen:36,0:MON:02.01.2007:30.12.2009
TP.0144-GEW:Planung/Grunderwerb:0,0:MON:29.12.2003:29.12.2003
TP.0144-GEW:Genehmigung:0,0:MON:29.12.2003:29.12.2003
TP.0144-GEW:Ausführung:0,0:MON:29.12.2003:29.12.2003
TP.0144-EIN:Einnahmen:0,0:MON:29.12.2003:29.12.2003
TP.0145-GEW:Planung/Grunderwerb:0,0:MON:30.12.2004:30.12.2004
TP.0145-GEW:Genehmigung:0,0:MON:30.12.2004:30.12.2004
TP.0145-GEW:Ausführung:24,0:MON:30.12.2004:29.12.2006
TP.0145-EIN:Einnahmen:24,0:MON:30.12.2004:29.12.2006
TP.0152-BAU:Planung/Grunderwerb:0,0:MON:03.01.2005:03.01.2005
TP.0152-BAU:Genehmigung:0,0:MON:03.01.2005:03.01.2005
TP.0152-BAU:Ausführung:36,0:MON:03.01.2005:02.01.2008
TP.0152-BAU:Planung/Grunderwerb:0,0:MON:03.01.2005:03.01.2005
TP.0152-BAU:Genehmigung:0,0:MON:03.01.2005:03.01.2005
TP.0152-BAU:Ausführung:0,0:MON:03.01.2005:03.01.2005
TP.0153-BAU:Planung/Grunderwerb:24,0:MON:30.12.2004:29.12.2006
TP.0153-BAU:Genehmigung:0,0:MON:29.12.2006:29.12.2006
TP.0153-BAU:Ausführung:0,0:MON:29.12.2006:29.12.2006
TP.0160-PW:Planung/Grunderwerb:6,0:MON:03.01.2005:01.07.2005
TP.0160-PW:Genehmigung:6,0:MON:04.07.2005:30.12.2005
TP.0160-PW:Ausführung:24,0:MON:02.01.2006:28.12.2007
TP.0169-GEW:Planung/Grunderwerb:24,0:MON:03.01.2005:02.01.2007
TP.0169-GEW:Genehmigung:0,0:MON:02.01.2007:02.01.2007
TP.0169-GEW:Ausführung:0,0:MON:02.01.2007:02.01.2007
TP.0183-GEW:Planung/Grunderwerb:0,0:MON:28.12.2003:28.12.2003
TP.0183-GEW:Genehmigung:0,0:MON:28.12.2003:28.12.2003
TP.0183-GEW:Ausführung:0,0:MON:28.12.2003:28.12.2003
TP.0185-GEW:Planung/Grunderwerb:48,0:MON:30.12.2004:29.12.2008
TP.0185-GEW:Genehmigung:0,0:MON:29.12.2008:29.12.2008
TP.0185-GEW:Ausführung:0,0:MON:29.12.2008:29.12.2008
TP.0187-GEW:Planung/Grunderwerb:48,0:MON:03.01.2005:02.01.2009
TP.0187-GEW:Genehmigung:0,0:MON:02.01.2009:02.01.2009
TP.0187-GEW:Ausführung:0,0:MON:02.01.2009:02.01.2009
TP.0187-EIN:Einnahmen:24,0:MON:02.01.2007:30.12.2008
TP.0196-GEW:Planung/Grunderwerb:12,0:MON:03.01.2005:02.01.2006
TP.0196-GEW:Genehmigung:0,0:MON:02.01.2006:02.01.2006
TP.0196-GEW:Ausführung:0,0:MON:02.01.2006:02.01.2006
TP.0197-GEW:Planung/Grunderwerb:36,0:MON:20.12.2004:19.12.2007
TP.0197-GEW:Genehmigung:12,0:MON:20.12.2007:19.12.2008
TP.0197-GEW:Ausführung:12,0:MON:22.12.2008:18.12.2009
TP.0197-EIN:Einnahmen:60,0:MON:03.01.2005:30.12.2009
TP.0201-KAN:Planung/Grunderwerb:0,0:MON:03.01.2005:03.01.2005
TP.0201-KAN:Genehmigung:0,0:MON:03.01.2005:03.01.2005
TP.0201-KAN:Ausführung:24,0:MON:03.01.2005:02.01.2007
TP.0202-RÜB:Planung/Grunderwerb:10,0:MON:27.12.2005:26.10.2006
TP.0202-RÜB:Genehmigung:8,0:MON:27.10.2006:26.06.2007
TP.0202-RÜB:Ausführung:18,0:MON:27.06.2007:23.12.2008
TP.0204-GEW:Planung/Grunderwerb:12,0:MON:03.01.2005:02.01.2006
TP.0204-GEW:Genehmigung:0,0:MON:02.01.2006:02.01.2006
TP.0204-GEW:Ausführung:0,0:MON:02.01.2006:02.01.2006
TP.0206-GEW:Planung/Grunderwerb:60,0:MON:29.12.2003:23.12.2008
TP.0206-GEW:Genehmigung:0,0:MON:23.12.2008:23.12.2008
TP.0206-GEW:Ausführung:0,0:MON:23.12.2008:23.12.2008
TP.0206-EIN:Einnahmen:48,0:MON:27.12.2004:23.12.2008
TP.0212-HRB:Planung/Grunderwerb:36,0:MON:29.12.2004:28.12.2007
TP.0212-HRB:Genehmigung:0,0:MON:28.12.2007:28.12.2007
TP.0212-HRB:Ausführung:0,0:MON:28.12.2007:28.12.2007
TP.0212-EIN:Einnahmen:0,0:MON:29.12.2004:29.12.2004
TP.0213-HRB:Planung/Grunderwerb:24,0:MON:03.01.2005:29.12.2006
TP.0213-HRB:Genehmigung:0,0:MON:29.12.2006:29.12.2006
TP.0213-HRB:Ausführung:0,0:MON:29.12.2006:29.12.2006
TP.0213-EIN:Einnahmen:0,0:MON:29.12.2005:29.12.2005
TP.0218-GEW:Planung/Grunderwerb:12,0:MON:22.12.2004:21.12.2005
TP.0218-GEW:Genehmigung:12,0:MON:22.12.2005:21.12.2006
TP.0218-GEW:Ausführung:12,0:MON:22.12.2006:21.12.2007
TP.0218-EIN:Einnahmen:24,0:MON:22.12.2005:21.12.2007
TP.0220-TSP:Planung/Grunderwerb:18,0:MON:29.12.2004:28.06.2006
TP.0220-TSP:Genehmigung:6,0:MON:29.06.2006:28.12.2006
TP.0220-TSP:Ausführung:12,0:MON:29.12.2006:28.12.2007
TP.0220-EIN:Einnahmen:12,0:MON:02.01.2007:28.12.2007
TP.0226-TSP:Planung/Grunderwerb:12,0:MON:03.01.2005:02.01.2006
TP.0226-TSP:Genehmigung:0,0:MON:02.01.2006:02.01.2006
TP.0226-TSP:Ausführung:0,0:MON:02.01.2006:02.01.2006
TP.0227-HRB:Planung/Grunderwerb:30,0:MON:27.12.2004:26.06.2007
TP.0227-HRB:Genehmigung:18,0:MON:27.06.2007:23.12.2008
TP.0227-HRB:Ausführung:12,0:MON:29.12.2008:23.12.2009
TP.0227-EIN:Einnahmen:48,0:MON:30.12.2005:29.12.2009
TP.0236-HRB:Planung/Grunderwerb:36,0:MON:29.12.2004:28.12.2007
TP.0236-HRB:Genehmigung:0,0:MON:28.12.2007:28.12.2007
TP.0236-HRB:Ausführung:0,0:MON:28.12.2007:28.12.2007
TP.0236-EIN:Einnahmen:0,0:MON:29.12.2004:29.12.2004
TP.0238-GEW:Planung/Grunderwerb:18,0:MON:29.12.2004:28.06.2006
TP.0238-GEW:Genehmigung:0,0:MON:28.06.2006:28.06.2006
TP.0238-GEW:Ausführung:18,0:MON:29.06.2006:28.12.2007
TP.0241-GEW:Planung/Grunderwerb:48,0:MON:03.01.2005:02.01.2009
TP.0241-GEW:Genehmigung:12,0:MON:05.01.2009:30.12.2009
TP.0241-GEW:Ausführung:12,0:MON:04.01.2010:30.12.2010
TP.0241-EIN:Einnahmen:72,0:MON:03.01.2005:30.12.2010
TP.0242-GEW:Planung/Grunderwerb:30,0:MON:30.12.2004:29.06.2007
TP.0242-GEW:Genehmigung:18,0:MON:02.07.2007:29.12.2008
TP.0242-GEW:Ausführung:12,0:MON:30.12.2008:29.12.2009
TP.0242-EIN:Einnahmen:48,0:MON:02.01.2006:30.12.2009
TP.0243-GEW:Planung/Grunderwerb:12,0:MON:03.01.2005:02.01.2006
TP.0243-GEW:Genehmigung:0,0:MON:02.01.2006:02.01.2006
TP.0243-GEW:Ausführung:0,0:MON:02.01.2006:02.01.2006
TP.0246-TSP:Planung/Grunderwerb:0,0:MON:03.01.2005:03.01.2005
TP.0246-TSP:Genehmigung:0,0:MON:03.01.2005:03.01.2005
TP.0246-TSP:Ausführung:24,0:MON:03.01.2005:02.01.2007
TP.0249-GEW:Planung/Grunderwerb:0,0:MON:29.12.2004:29.12.2004
TP.0249-GEW:Genehmigung:0,0:MON:29.12.2004:29.12.2004
TP.0249-GEW:Ausführung:0,0:MON:29.12.2004:29.12.2004
TP.0249-GEW:Planung/Grunderwerb:12,0:MON:28.12.2004:27.12.2005
TP.0249-GEW:Genehmigung:12,0:MON:28.12.2005:27.12.2006
TP.0249-GEW:Ausführung:18,0:MON:28.12.2006:27.06.2008
TP.0249-EIN:Einnahmen:30,0:MON:28.12.2005:27.06.2008
TP.0249-EIN:Einnahmen:0,0:MON:28.12.2005:28.12.2005
TP.0250-TSP:Planung/Grunderwerb:0,0:MON:03.01.2005:03.01.2005
TP.0250-TSP:Genehmigung:0,0:MON:03.01.2005:03.01.2005
TP.0250-TSP:Ausführung:72,0:MON:03.01.2005:30.12.2010
TP.0254-BAU:Planung/Grunderwerb:0,0:MON:03.01.2005:03.01.2005
TP.0254-BAU:Genehmigung:0,0:MON:03.01.2005:03.01.2005
TP.0254-BAU:Ausführung:24,0:MON:03.01.2005:02.01.2007
TP.0255-BAU:Planung/Grunderwerb:0,0:MON:30.12.2004:30.12.2004
TP.0255-BAU:Genehmigung:0,0:MON:30.12.2004:30.12.2004
TP.0255-BAU:Ausführung:24,0:MON:30.12.2004:29.12.2006
TP.0256-BAU:Planung/Grunderwerb:8,0:MON:02.01.2003:01.09.2003
TP.0256-BAU:Genehmigung:10,0:MON:02.09.2003:01.07.2004
TP.0256-BAU:Ausführung:18,0:MON:02.07.2004:30.12.2005
TP.0257-GEW:Planung/Grunderwerb:24,0:MON:21.12.2004:20.12.2006
TP.0257-GEW:Genehmigung:6,0:MON:21.12.2006:20.06.2007
TP.0257-GEW:Ausführung:6,0:MON:21.06.2007:20.12.2007
TP.0257-EIN:Einnahmen:24,0:MON:29.12.2005:28.12.2007
TP.0258-TSP:Planung/Grunderwerb:72,0:MON:03.01.2005:30.12.2010
TP.0258-TSP:Genehmigung:0,0:MON:30.12.2010:30.12.2010
TP.0258-TSP:Ausführung:0,0:MON:30.12.2010:30.12.2010
TP.0259-TSP:Planung/Grunderwerb:0,0:MON:03.01.2005:03.01.2005
TP.0259-TSP:Genehmigung:0,0:MON:03.01.2005:03.01.2005
TP.0259-TSP:Ausführung:24,0:MON:03.01.2005:02.01.2007
TP.0260-TSP:Planung/Grunderwerb:0,0:MON:03.01.2005:03.01.2005
TP.0260-TSP:Genehmigung:0,0:MON:03.01.2005:03.01.2005
TP.0260-TSP:Ausführung:24,0:MON:03.01.2005:02.01.2007
TP.0262-TSP:Planung/Grunderwerb:0,0:MON:03.01.2005:03.01.2005
TP.0262-TSP:Genehmigung:0,0:MON:03.01.2005:03.01.2005
TP.0262-TSP:Ausführung:36,0:MON:03.01.2005:02.01.2008
TP.0263-TSP:Planung/Grunderwerb:0,0:MON:03.01.2005:03.01.2005
TP.0263-TSP:Genehmigung:0,0:MON:03.01.2005:03.01.2005
TP.0263-TSP:Ausführung:36,0:MON:03.01.2005:02.01.2008
TP.0264-TSP:Planung/Grunderwerb:0,0:MON:03.01.2005:03.01.2005
TP.0264-TSP:Genehmigung:0,0:MON:03.01.2005:03.01.2005
TP.0264-TSP:Ausführung:36,0:MON:03.01.2005:02.01.2008
TP.0265-TSP:Planung/Grunderwerb:12,0:MON:29.12.2004:28.12.2005
TP.0265-TSP:Genehmigung:0,0:MON:28.12.2005:28.12.2005
TP.0265-TSP:Ausführung:24,0:MON:29.12.2005:28.12.2007
TP.0266-TSP:Planung/Grunderwerb:0,0:MON:03.01.2005:03.01.2005
TP.0266-TSP:Genehmigung:0,0:MON:03.01.2005:03.01.2005
TP.0266-TSP:Ausführung:12,0:MON:03.01.2005:02.01.2006
TP.0267-TSP:Planung/Grunderwerb:0,0:MON:03.01.2005:03.01.2005
TP.0267-TSP:Genehmigung:0,0:MON:03.01.2005:03.01.2005
TP.0267-TSP:Ausführung:36,0:MON:03.01.2005:02.01.2008
TP.0268-GEW:Planung/Grunderwerb:0,0:MON:02.01.2006:02.01.2006
TP.0268-GEW:Genehmigung:0,0:MON:02.01.2006:02.01.2006
TP.0268-GEW:Ausführung:12,0:MON:02.01.2006:29.12.2006
TP.0268-EIN:Einnahmen:12,0:MON:02.01.2006:29.12.2006
TP.0269-GEW:Planung/Grunderwerb:36,0:MON:29.12.2004:28.12.2007
TP.0269-GEW:Genehmigung:0,0:MON:28.12.2007:28.12.2007
TP.0269-GEW:Ausführung:0,0:MON:28.12.2007:28.12.2007
TP.0269-EIN:Einnahmen:36,0:MON:29.12.2004:28.12.2007
TP.0279-TSP:Planung/Grunderwerb:0,0:MON:02.01.2007:02.01.2007
TP.0279-TSP:Genehmigung:0,0:MON:02.01.2007:02.01.2007
TP.0279-TSP:Ausführung:36,0:MON:02.01.2007:30.12.2009
TP.0280-TSP:Planung/Grunderwerb:0,0:MON:02.01.2007:02.01.2007
TP.0280-TSP:Genehmigung:0,0:MON:02.01.2007:02.01.2007
TP.0280-TSP:Ausführung:12,0:MON:02.01.2007:28.12.2007
TP.0281-TSP:Planung/Grunderwerb:0,0:MON:02.01.2007:02.01.2007
TP.0281-TSP:Genehmigung:0,0:MON:02.01.2007:02.01.2007
TP.0281-TSP:Ausführung:24,0:MON:02.01.2007:30.12.2008
TP.0282-TSP:Planung/Grunderwerb:0,0:MON:02.01.2006:02.01.2006
TP.0282-TSP:Genehmigung:0,0:MON:02.01.2006:02.01.2006
TP.0282-TSP:Ausführung:36,0:MON:02.01.2006:30.12.2008
TP.0282-TSP:Planung/Grunderwerb:0,0:MON:02.01.2007:02.01.2007
TP.0282-TSP:Genehmigung:0,0:MON:02.01.2007:02.01.2007
TP.0282-TSP:Ausführung:36,0:MON:02.01.2007:30.12.2009
TP.0283-TSP:Planung/Grunderwerb:0,0:MON:02.01.2007:02.01.2007
TP.0283-TSP:Genehmigung:0,0:MON:02.01.2007:02.01.2007
TP.0283-TSP:Ausführung:24,0:MON:02.01.2007:30.12.2008
TP.0284-TSP:Planung/Grunderwerb:0,0:MON:02.01.2007:02.01.2007
TP.0284-TSP:Genehmigung:0,0:MON:02.01.2007:02.01.2007
TP.0284-TSP:Ausführung:36,0:MON:02.01.2007:30.12.2009
TP.0285-TSP:Planung/Grunderwerb:0,0:MON:29.12.2005:29.12.2005
TP.0285-TSP:Genehmigung:0,0:MON:29.12.2005:29.12.2005
TP.0285-TSP:Ausführung:12,0:MON:29.12.2005:28.12.2006
TP.0286-TSP:Planung/Grunderwerb:0,0:MON:29.12.2005:29.12.2005
TP.0286-TSP:Genehmigung:0,0:MON:29.12.2005:29.12.2005
TP.0286-TSP:Ausführung:12,0:MON:29.12.2005:28.12.2006
TP.0287-TSP:Planung/Grunderwerb:0,0:MON:29.12.2005:29.12.2005
TP.0287-TSP:Genehmigung:0,0:MON:29.12.2005:29.12.2005
TP.0287-TSP:Ausführung:12,0:MON:29.12.2005:28.12.2006
TP.0288-TSP:Planung/Grunderwerb:0,0:MON:29.12.2005:29.12.2005
TP.0288-TSP:Genehmigung:0,0:MON:29.12.2005:29.12.2005
TP.0288-TSP:Ausführung:12,0:MON:29.12.2005:28.12.2006
TP.0289-TSP:Planung/Grunderwerb:0,0:MON:02.01.2007:02.01.2007
TP.0289-TSP:Genehmigung:0,0:MON:02.01.2007:02.01.2007
TP.0289-TSP:Ausführung:36,0:MON:02.01.2007:30.12.2009
TP.0290-TSP:Planung/Grunderwerb:12,0:MON:02.01.2009:30.12.2009
TP.0290-TSP:Genehmigung:0,0:MON:30.12.2009:30.12.2009
TP.0290-TSP:Ausführung:12,0:MON:04.01.2010:30.12.2010
TP.0291-TSP:Planung/Grunderwerb:0,0:MON:02.01.2007:02.01.2007
TP.0291-TSP:Genehmigung:0,0:MON:02.01.2007:02.01.2007
TP.0291-TSP:Ausführung:12,0:MON:02.01.2007:28.12.2007
TP.0293-TSP:Planung/Grunderwerb:6,0:MON:02.01.2006:30.06.2006
TP.0293-TSP:Genehmigung:0,0:MON:30.06.2006:30.06.2006
TP.0293-TSP:Ausführung:18,0:MON:03.07.2006:28.12.2007
TP.0294-TSP:Planung/Grunderwerb:12,0:MON:30.12.2005:29.12.2006
TP.0294-TSP:Genehmigung:0,0:MON:29.12.2006:29.12.2006
TP.0294-TSP:Ausführung:0,0:MON:29.12.2006:29.12.2006
TP.0295-TSP:Planung/Grunderwerb:12,0:MON:30.12.2005:29.12.2006
TP.0295-TSP:Genehmigung:0,0:MON:29.12.2006:29.12.2006
TP.0295-TSP:Ausführung:0,0:MON:29.12.2006:29.12.2006
TP.0296-TSP:Planung/Grunderwerb:0,0:MON:02.01.2006:02.01.2006
TP.0296-TSP:Genehmigung:0,0:MON:02.01.2006:02.01.2006
TP.0296-TSP:Ausführung:12,0:MON:02.01.2006:29.12.2006
TP.0297-TSP:Planung/Grunderwerb:6,0:MON:02.01.2006:30.06.2006
TP.0297-TSP:Genehmigung:0,0:MON:30.06.2006:30.06.2006
TP.0297-TSP:Ausführung:30,0:MON:03.07.2006:30.12.2008
TP.0298-KA:Planung/Grunderwerb:0,0:MON:29.12.2005:29.12.2005
TP.0298-KA:Genehmigung:0,0:MON:29.12.2005:29.12.2005
TP.0298-KA:Ausführung:24,0:MON:29.12.2005:28.12.2007
TP.0299-RÜB:Planung/Grunderwerb:6,0:MON:29.12.2005:28.06.2006
TP.0299-RÜB:Genehmigung:0,0:MON:28.06.2006:28.06.2006
TP.0299-RÜB:Ausführung:18,0:MON:29.06.2006:28.12.2007
TP.0300-PW:Planung/Grunderwerb:26,4:MON:26.06.2000:05.09.2002
TP.0300-PW:Genehmigung:8,7:MON:06.09.2002:26.05.2003
TP.0300-PW:Ausführung:24,6:MON:27.05.2003:13.06.2005
TP.0309-RÜB:Planung/Grunderwerb:0,0:MON:03.01.2005:03.01.2005
TP.0309-RÜB:Genehmigung:0,0:MON:03.01.2005:03.01.2005
TP.0309-RÜB:Ausführung:12,0:MON:03.01.2005:02.01.2006
TP.0311-RÜB:Planung/Grunderwerb:0,0:MON:03.01.2005:03.01.2005
TP.0311-RÜB:Genehmigung:0,0:MON:03.01.2005:03.01.2005
TP.0311-RÜB:Ausführung:48,0:MON:03.01.2005:02.01.2009
TP.0313-KA:Planung/Grunderwerb:8,0:MON:30.12.2004:29.08.2005
TP.0313-KA:Genehmigung:10,0:MON:30.08.2005:29.06.2006
TP.0313-KA:Ausführung:12,0:MON:30.06.2006:29.06.2007
TP.0324-RÜB:Planung/Grunderwerb:12,0:MON:03.01.2005:02.01.2006
TP.0324-RÜB:Genehmigung:0,0:MON:02.01.2006:02.01.2006
TP.0324-RÜB:Ausführung:48,0:MON:03.01.2006:30.12.2009
TP.0327-RÜB:Planung/Grunderwerb:12,0:MON:03.01.2005:02.01.2006
TP.0327-RÜB:Genehmigung:0,0:MON:02.01.2006:02.01.2006
TP.0327-RÜB:Ausführung:24,0:MON:03.01.2006:02.01.2008
TP.0328-RÜB:Planung/Grunderwerb:0,0:MON:29.12.2005:29.12.2005
TP.0328-RÜB:Genehmigung:0,0:MON:29.12.2005:29.12.2005
TP.0328-RÜB:Ausführung:24,0:MON:29.12.2005:28.12.2007
TP.0330-RÜB:Planung/Grunderwerb:12,0:MON:03.01.2005:02.01.2006
TP.0330-RÜB:Genehmigung:0,0:MON:02.01.2006:02.01.2006
TP.0330-RÜB:Ausführung:131,5:MON:03.01.2006:15.12.2016
TP.0333-RÜB:Planung/Grunderwerb:0,0:MON:03.01.2005:03.01.2005
TP.0333-RÜB:Genehmigung:0,0:MON:03.01.2005:03.01.2005
TP.0333-RÜB:Ausführung:143,5:MON:03.01.2005:15.12.2016
TP.0334-RÜB:Planung/Grunderwerb:0,0:MON:30.12.2005:30.12.2005
TP.0334-RÜB:Genehmigung:0,0:MON:30.12.2005:30.12.2005
TP.0334-RÜB:Ausführung:12,0:MON:30.12.2005:29.12.2006
TP.0335-RÜB:Planung/Grunderwerb:0,0:MON:02.01.2009:02.01.2009
TP.0335-RÜB:Genehmigung:0,0:MON:02.01.2009:02.01.2009
TP.0335-RÜB:Ausführung:72,0:MON:02.01.2009:30.12.2014
TP.0337-KA:Planung/Grunderwerb:0,0:MON:29.12.2005:29.12.2005
TP.0337-KA:Genehmigung:0,0:MON:29.12.2005:29.12.2005
TP.0337-KA:Ausführung:24,0:MON:29.12.2005:28.12.2007
TP.0338-RÜB:Planung/Grunderwerb:5,9:MON:28.12.2004:22.06.2005
TP.0338-RÜB:Genehmigung:8,0:MON:23.06.2005:22.02.2006
TP.0338-RÜB:Ausführung:20,0:MON:23.02.2006:22.10.2007
TP.0342-RÜB:Planung/Grunderwerb:0,0:MON:03.01.2005:03.01.2005
TP.0342-RÜB:Genehmigung:0,0:MON:03.01.2005:03.01.2005
TP.0342-RÜB:Ausführung:143,5:MON:03.01.2005:15.12.2016
TP.0343-KA:Planung/Grunderwerb:9,0:MON:30.12.2002:29.09.2003
TP.0343-KA:Genehmigung:5,9:MON:30.09.2003:24.03.2004
TP.0343-KA:Ausführung:33,0:MON:25.03.2004:22.12.2006
TP.0344-KA:Planung/Grunderwerb:18,0:MON:28.12.2004:27.06.2006
TP.0344-KA:Genehmigung:6,0:MON:28.06.2006:27.12.2006
TP.0344-KA:Ausführung:18,0:MON:28.12.2006:27.06.2008
TP.0346-RÜB:Planung/Grunderwerb:0,0:MON:03.01.2005:03.01.2005
TP.0346-RÜB:Genehmigung:0,0:MON:03.01.2005:03.01.2005
TP.0346-RÜB:Ausführung:24,0:MON:03.01.2005:02.01.2007
TP.0349-RÜB:Planung/Grunderwerb:0,0:MON:03.01.2005:03.01.2005
TP.0349-RÜB:Genehmigung:0,0:MON:03.01.2005:03.01.2005
TP.0349-RÜB:Ausführung:72,0:MON:03.01.2005:30.12.2010
TP.0350-RÜB:Planung/Grunderwerb:12,0:MON:03.01.2005:02.01.2006
TP.0350-RÜB:Genehmigung:0,0:MON:02.01.2006:02.01.2006
TP.0350-RÜB:Ausführung:131,5:MON:03.01.2006:15.12.2016
TP.0351-PW:Planung/Grunderwerb:2,9:MON:03.01.2005:29.03.2005
TP.0351-PW:Genehmigung:0,0:MON:29.03.2005:29.03.2005
TP.0351-PW:Ausführung:12,0:MON:30.03.2005:29.03.2006
TP.0352-RÜB:Planung/Grunderwerb:0,0:MON:03.01.2005:03.01.2005
TP.0352-RÜB:Genehmigung:0,0:MON:03.01.2005:03.01.2005
TP.0352-RÜB:Ausführung:36,0:MON:03.01.2005:02.01.2008
TP.0355-RÜB:Planung/Grunderwerb:9,0:MON:30.07.2003:29.04.2004
TP.0355-RÜB:Genehmigung:2,8:MON:30.04.2004:22.07.2004
TP.0355-RÜB:Ausführung:13,0:MON:23.07.2004:22.08.2005
TP.0358-RÜB:Planung/Grunderwerb:8,0:MON:03.01.2005:02.09.2005
TP.0358-RÜB:Genehmigung:11,0:MON:05.09.2005:02.08.2006
TP.0358-RÜB:Ausführung:18,0:MON:03.08.2006:01.02.2008
TP.0360-RÜB:Planung/Grunderwerb:0,0:MON:29.12.2004:29.12.2004
TP.0360-RÜB:Genehmigung:7,9:MON:29.12.2004:23.08.2005
TP.0360-RÜB:Ausführung:12,0:MON:24.08.2005:23.08.2006
TP.0363-RÜB:Planung/Grunderwerb:0,0:MON:02.01.2006:02.01.2006
TP.0363-RÜB:Genehmigung:0,0:MON:02.01.2006:02.01.2006
TP.0363-RÜB:Ausführung:12,0:MON:02.01.2006:29.12.2006
TP.0364-KA:Planung/Grunderwerb:0,0:MON:02.01.2006:02.01.2006
TP.0364-KA:Genehmigung:0,0:MON:02.01.2006:02.01.2006
TP.0364-KA:Ausführung:12,0:MON:02.01.2006:29.12.2006
TP.0366-KA:Planung/Grunderwerb:4,0:MON:02.01.2009:30.04.2009
TP.0366-KA:Genehmigung:0,0:MON:30.04.2009:30.04.2009
TP.0366-KA:Ausführung:8,0:MON:04.05.2009:30.12.2009
TP.0369-KA:Planung/Grunderwerb:23,7:MON:06.01.2003:23.12.2004
TP.0369-KA:Genehmigung:20,0:MON:27.12.2004:23.08.2006
TP.0369-KA:Ausführung:9,0:MON:24.08.2006:23.05.2007
TP.0375-RÜB:Planung/Grunderwerb:12,0:MON:03.01.2005:02.01.2006
TP.0375-RÜB:Genehmigung:0,0:MON:02.01.2006:02.01.2006
TP.0375-RÜB:Ausführung:131,5:MON:03.01.2006:15.12.2016
TP.0378-KA:Planung/Grunderwerb:0,0:MON:02.01.2006:02.01.2006
TP.0378-KA:Genehmigung:0,0:MON:02.01.2006:02.01.2006
TP.0378-KA:Ausführung:12,0:MON:02.01.2006:29.12.2006
TP.0379-KA:Planung/Grunderwerb:6,0:MON:29.12.2005:28.06.2006
TP.0379-KA:Genehmigung:0,0:MON:28.06.2006:28.06.2006
TP.0379-KA:Ausführung:12,0:MON:29.06.2006:28.06.2007
TP.0380-KA:Planung/Grunderwerb:0,0:MON:02.01.2006:02.01.2006
TP.0380-KA:Genehmigung:0,0:MON:02.01.2006:02.01.2006
TP.0380-KA:Ausführung:12,0:MON:02.01.2006:29.12.2006
TP.0381-KA:Planung/Grunderwerb:0,0:MON:02.01.2006:02.01.2006
TP.0381-KA:Genehmigung:0,0:MON:02.01.2006:02.01.2006
TP.0381-KA:Ausführung:12,0:MON:02.01.2006:29.12.2006
TP.0382-KA:Planung/Grunderwerb:0,0:MON:29.12.2005:29.12.2005
TP.0382-KA:Genehmigung:0,0:MON:29.12.2005:29.12.2005
TP.0382-KA:Ausführung:24,0:MON:29.12.2005:28.12.2007
TP.0383-KA:Planung/Grunderwerb:0,0:MON:02.01.2006:02.01.2006
TP.0383-KA:Genehmigung:0,0:MON:02.01.2006:02.01.2006
TP.0383-KA:Ausführung:12,0:MON:02.01.2006:29.12.2006
TP.0384-KA:Planung/Grunderwerb:0,0:MON:02.01.2006:02.01.2006
TP.0384-KA:Genehmigung:0,0:MON:02.01.2006:02.01.2006
TP.0384-KA:Ausführung:12,0:MON:02.01.2006:29.12.2006
TP.0385-RÜB:Planung/Grunderwerb:0,0:MON:30.12.2005:30.12.2005
TP.0385-RÜB:Genehmigung:0,0:MON:30.12.2005:30.12.2005
TP.0385-RÜB:Ausführung:48,0:MON:30.12.2005:29.12.2009
TP.0386-RÜB:Planung/Grunderwerb:0,0:MON:02.01.2006:02.01.2006
TP.0386-RÜB:Genehmigung:0,0:MON:02.01.2006:02.01.2006
TP.0386-RÜB:Ausführung:12,0:MON:02.01.2006:29.12.2006
TP.0387-KA:Planung/Grunderwerb:0,0:MON:02.01.2006:02.01.2006
TP.0387-KA:Genehmigung:0,0:MON:02.01.2006:02.01.2006
TP.0387-KA:Ausführung:12,0:MON:02.01.2006:29.12.2006
TP.0388-KA:Planung/Grunderwerb:0,0:MON:02.01.2006:02.01.2006
TP.0388-KA:Genehmigung:0,0:MON:02.01.2006:02.01.2006
TP.0388-KA:Ausführung:12,0:MON:02.01.2006:29.12.2006
TP.0389-KA:Planung/Grunderwerb:0,0:MON:02.01.2006:02.01.2006
TP.0389-KA:Genehmigung:0,0:MON:02.01.2006:02.01.2006
TP.0389-KA:Ausführung:12,0:MON:02.01.2006:29.12.2006
TP.0390-KA:Planung/Grunderwerb:0,0:MON:02.01.2006:02.01.2006
TP.0390-KA:Genehmigung:0,0:MON:02.01.2006:02.01.2006
TP.0390-KA:Ausführung:12,0:MON:02.01.2006:29.12.2006
TP.0391-RÜB:Planung/Grunderwerb:6,0:MON:29.12.2005:28.06.2006
TP.0391-RÜB:Genehmigung:6,0:MON:29.06.2006:28.12.2006
TP.0391-RÜB:Ausführung:12,0:MON:29.12.2006:28.12.2007
TP.0392-KA:Planung/Grunderwerb:0,0:MON:02.01.2006:02.01.2006
TP.0392-KA:Genehmigung:0,0:MON:02.01.2006:02.01.2006
TP.0392-KA:Ausführung:12,0:MON:02.01.2006:29.12.2006
TP.0393-RÜB:Planung/Grunderwerb:6,0:MON:29.12.2005:28.06.2006
TP.0393-RÜB:Genehmigung:0,0:MON:28.06.2006:28.06.2006
TP.0393-RÜB:Ausführung:18,0:MON:29.06.2006:28.12.2007
TP.0394-KA:Planung/Grunderwerb:0,0:MON:02.01.2008:02.01.2008
TP.0394-KA:Genehmigung:0,0:MON:02.01.2008:02.01.2008
TP.0394-KA:Ausführung:12,0:MON:02.01.2008:30.12.2008
TP.0396-KA:Planung/Grunderwerb:0,0:MON:02.01.2006:02.01.2006
TP.0396-KA:Genehmigung:0,0:MON:02.01.2006:02.01.2006
TP.0396-KA:Ausführung:12,0:MON:02.01.2006:29.12.2006
TP.0397-KA:Planung/Grunderwerb:0,0:MON:02.01.2009:02.01.2009
TP.0397-KA:Genehmigung:0,0:MON:02.01.2009:02.01.2009
TP.0397-KA:Ausführung:12,0:MON:02.01.2009:30.12.2009
TP.0398-KA:Planung/Grunderwerb:0,0:MON:02.01.2009:02.01.2009
TP.0398-KA:Genehmigung:0,0:MON:02.01.2009:02.01.2009
TP.0398-KA:Ausführung:12,0:MON:02.01.2009:30.12.2009
TP.0400-RÜB:Planung/Grunderwerb:0,0:MON:03.01.2005:03.01.2005
TP.0400-RÜB:Genehmigung:0,0:MON:03.01.2005:03.01.2005
TP.0400-RÜB:Ausführung:12,0:MON:03.01.2005:02.01.2006
TP.0411-KA:Planung/Grunderwerb:22,7:MON:02.01.2001:21.11.2002
TP.0411-KA:Genehmigung:1,3:MON:22.11.2002:03.01.2003
TP.0411-KA:Ausführung:29,9:MON:06.01.2003:28.06.2005
TP.0412-KA:Planung/Grunderwerb:6,0:MON:30.12.2004:29.06.2005
TP.0412-KA:Genehmigung:20,0:MON:30.06.2005:28.02.2007
TP.0412-KA:Ausführung:13,0:MON:01.03.2007:31.03.2008
TP.0413-KA:Planung/Grunderwerb:5,9:MON:29.12.2005:23.06.2006
TP.0413-KA:Genehmigung:6,0:MON:26.06.2006:22.12.2006
TP.0413-KA:Ausführung:24,0:MON:27.12.2006:22.12.2008
TP.0420-RÜB:Planung/Grunderwerb:5,9:MON:29.12.2004:23.06.2005
TP.0420-RÜB:Genehmigung:0,0:MON:23.06.2005:23.06.2005
TP.0420-RÜB:Ausführung:42,0:MON:24.06.2005:23.12.2008
TP.0421-RÜB:Planung/Grunderwerb:12,0:MON:02.01.2004:30.12.2004
TP.0421-RÜB:Genehmigung:0,0:MON:30.12.2004:30.12.2004
TP.0421-RÜB:Ausführung:0,0:MON:30.12.2004:30.12.2004
TP.0422-RÜB:Planung/Grunderwerb:2,9:MON:03.01.2005:29.03.2005
TP.0422-RÜB:Genehmigung:0,0:MON:29.03.2005:29.03.2005
TP.0422-RÜB:Ausführung:33,0:MON:30.03.2005:28.12.2007
TP.0423-KAN:Planung/Grunderwerb:12,0:MON:03.01.2005:02.01.2006
TP.0423-KAN:Genehmigung:0,0:MON:02.01.2006:02.01.2006
TP.0423-KAN:Ausführung:20,0:MON:03.01.2006:31.08.2007
TP.0425-RÜB:Planung/Grunderwerb:0,0:MON:02.01.2007:02.01.2007
TP.0425-RÜB:Genehmigung:0,0:MON:02.01.2007:02.01.2007
TP.0425-RÜB:Ausführung:119,5:MON:02.01.2007:14.12.2016
TP.0426-RÜB:Planung/Grunderwerb:0,0:MON:03.01.2005:03.01.2005
TP.0426-RÜB:Genehmigung:0,0:MON:03.01.2005:03.01.2005
TP.0426-RÜB:Ausführung:48,0:MON:03.01.2005:02.01.2009
TP.0427-RÜB:Planung/Grunderwerb:8,0:MON:03.01.2005:02.09.2005
TP.0427-RÜB:Genehmigung:0,0:MON:02.09.2005:02.09.2005
TP.0427-RÜB:Ausführung:40,0:MON:05.09.2005:02.01.2009
TP.0428-RÜB:Planung/Grunderwerb:14,0:MON:22.12.2004:21.02.2006
TP.0428-RÜB:Genehmigung:12,0:MON:22.02.2006:21.02.2007
TP.0428-RÜB:Ausführung:21,0:MON:22.02.2007:21.11.2008
TP.0430-RÜB:Planung/Grunderwerb:18,0:MON:01.07.2004:30.12.2005
TP.0430-RÜB:Genehmigung:0,0:MON:30.12.2005:30.12.2005
TP.0430-RÜB:Ausführung:131,5:MON:02.01.2006:14.12.2016
TP.0431-KA:Planung/Grunderwerb:0,0:MON:03.01.2005:03.01.2005
TP.0431-KA:Genehmigung:0,0:MON:03.01.2005:03.01.2005
TP.0431-KA:Ausführung:18,0:MON:03.01.2005:30.06.2006
TP.0432-KA:Planung/Grunderwerb:18,0:MON:30.12.2003:29.06.2005
TP.0432-KA:Genehmigung:0,0:MON:29.06.2005:29.06.2005
TP.0432-KA:Ausführung:18,0:MON:30.06.2005:29.12.2006
TP.0434-KA:Planung/Grunderwerb:0,0:MON:29.12.2005:29.12.2005
TP.0434-KA:Genehmigung:0,0:MON:29.12.2005:29.12.2005
TP.0434-KA:Ausführung:24,0:MON:29.12.2005:28.12.2007
TP.0438-RÜB:Planung/Grunderwerb:0,0:MON:03.01.2005:03.01.2005
TP.0438-RÜB:Genehmigung:0,0:MON:03.01.2005:03.01.2005
TP.0438-RÜB:Ausführung:36,0:MON:03.01.2005:02.01.2008
TP.0440-KA:Planung/Grunderwerb:0,0:MON:03.01.2005:03.01.2005
TP.0440-KA:Genehmigung:0,0:MON:03.01.2005:03.01.2005
TP.0440-KA:Ausführung:24,0:MON:03.01.2005:02.01.2007
TP.0441-RÜB:Planung/Grunderwerb:0,0:MON:03.01.2005:03.01.2005
TP.0441-RÜB:Genehmigung:0,0:MON:03.01.2005:03.01.2005
TP.0441-RÜB:Ausführung:72,0:MON:03.01.2005:30.12.2010
TP.0443-RÜB:Planung/Grunderwerb:17,0:MON:03.01.2005:02.06.2006
TP.0443-RÜB:Genehmigung:9,0:MON:06.06.2006:02.03.2007
TP.0443-RÜB:Ausführung:9,0:MON:05.03.2007:30.11.2007
TP.0445-RÜB:Planung/Grunderwerb:0,0:MON:03.01.2005:03.01.2005
TP.0445-RÜB:Genehmigung:0,0:MON:03.01.2005:03.01.2005
TP.0445-RÜB:Ausführung:32,0:MON:03.01.2005:31.08.2007
TP.0446-RÜB:Planung/Grunderwerb:0,0:MON:03.01.2005:03.01.2005
TP.0446-RÜB:Genehmigung:0,0:MON:03.01.2005:03.01.2005
TP.0446-RÜB:Ausführung:32,0:MON:03.01.2005:31.08.2007
TP.0447-RÜB:Planung/Grunderwerb:20,0:MON:02.01.2004:01.09.2005
TP.0447-RÜB:Genehmigung:10,0:MON:02.09.2005:30.06.2006
TP.0447-RÜB:Ausführung:22,9:MON:03.07.2006:28.05.2008
TP.0448-RÜB:Planung/Grunderwerb:3,9:MON:02.01.2009:28.04.2009
TP.0448-RÜB:Genehmigung:1,0:MON:29.04.2009:28.05.2009
TP.0448-RÜB:Ausführung:19,0:MON:29.05.2009:28.12.2010
TP.0451-KA:Planung/Grunderwerb:16,0:MON:03.01.2005:02.05.2006
TP.0451-KA:Genehmigung:10,0:MON:03.05.2006:02.03.2007
TP.0451-KA:Ausführung:20,0:MON:05.03.2007:31.10.2008
TP.0452-KA:Planung/Grunderwerb:20,0:MON:03.01.2005:01.09.2006
TP.0452-KA:Genehmigung:0,0:MON:01.09.2006:01.09.2006
TP.0452-KA:Ausführung:12,0:MON:04.09.2006:31.08.2007
TP.0455-KA:Planung/Grunderwerb:23,8:MON:28.11.2001:20.11.2003
TP.0455-KA:Genehmigung:12,2:MON:21.11.2003:25.11.2004
TP.0455-KA:Ausführung:25,0:MON:26.11.2004:22.12.2006
TP.0460-RÜB:Planung/Grunderwerb:0,0:MON:24.02.2003:24.02.2003
TP.0460-RÜB:Genehmigung:12,0:MON:24.02.2003:23.02.2004
TP.0460-RÜB:Ausführung:58,0:MON:24.02.2004:23.12.2008
TP.0461-RÜB:Planung/Grunderwerb:0,0:MON:03.01.2005:03.01.2005
TP.0461-RÜB:Genehmigung:0,0:MON:03.01.2005:03.01.2005
TP.0461-RÜB:Ausführung:24,0:MON:03.01.2005:02.01.2007
TP.0463-RÜB:Planung/Grunderwerb:24,0:MON:02.01.2004:30.12.2005
TP.0463-RÜB:Genehmigung:0,0:MON:30.12.2005:30.12.2005
TP.0463-RÜB:Ausführung:131,6:MON:02.01.2006:16.12.2016
TP.0464-RÜB:Planung/Grunderwerb:0,0:MON:03.01.2005:03.01.2005
TP.0464-RÜB:Genehmigung:0,0:MON:03.01.2005:03.01.2005
TP.0464-RÜB:Ausführung:143,5:MON:03.01.2005:15.12.2016
TP.0468-RÜB:Planung/Grunderwerb:0,0:MON:03.01.2005:03.01.2005
TP.0468-RÜB:Genehmigung:0,0:MON:03.01.2005:03.01.2005
TP.0468-RÜB:Ausführung:36,0:MON:03.01.2005:02.01.2008
TP.0469-RÜB:Planung/Grunderwerb:24,0:MON:02.01.2004:30.12.2005
TP.0469-RÜB:Genehmigung:0,0:MON:30.12.2005:30.12.2005
TP.0469-RÜB:Ausführung:131,5:MON:02.01.2006:14.12.2016
TP.0470-RÜB:Planung/Grunderwerb:6,0:MON:30.12.2004:29.06.2005
TP.0470-RÜB:Genehmigung:0,0:MON:29.06.2005:29.06.2005
TP.0470-RÜB:Ausführung:18,0:MON:30.06.2005:29.12.2006
TP.0471-RÜB:Planung/Grunderwerb:0,0:MON:29.12.2005:29.12.2005
TP.0471-RÜB:Genehmigung:0,0:MON:29.12.2005:29.12.2005
TP.0471-RÜB:Ausführung:24,0:MON:29.12.2005:28.12.2007
TP.0472-RÜB:Planung/Grunderwerb:0,0:MON:29.12.2004:29.12.2004
TP.0472-RÜB:Genehmigung:0,0:MON:29.12.2004:29.12.2004
TP.0472-RÜB:Ausführung:24,0:MON:29.12.2004:28.12.2006
TP.0475-PW:Planung/Grunderwerb:5,0:MON:28.12.2004:27.05.2005
TP.0475-PW:Genehmigung:5,0:MON:30.05.2005:27.10.2005
TP.0475-PW:Ausführung:26,0:MON:28.10.2005:27.12.2007
TP.0476-KA:Planung/Grunderwerb:15,0:MON:27.12.2004:24.03.2006
TP.0476-KA:Genehmigung:8,0:MON:27.03.2006:24.11.2006
TP.0476-KA:Ausführung:34,0:MON:27.11.2006:24.09.2009
TP.0477-KA:Planung/Grunderwerb:30,0:MON:30.06.2003:29.12.2005
TP.0477-KA:Genehmigung:12,0:MON:30.12.2005:29.12.2006
TP.0477-KA:Ausführung:24,0:MON:02.01.2007:29.12.2008
TP.0481-RÜB:Planung/Grunderwerb:0,0:MON:03.01.2005:03.01.2005
TP.0481-RÜB:Genehmigung:0,0:MON:03.01.2005:03.01.2005
TP.0481-RÜB:Ausführung:12,0:MON:03.01.2005:02.01.2006
TP.0482-KA:Planung/Grunderwerb:3,9:MON:28.12.2004:22.04.2005
TP.0482-KA:Genehmigung:10,0:MON:25.04.2005:22.02.2006
TP.0482-KA:Ausführung:22,0:MON:23.02.2006:21.12.2007
TP.0483-RRB:Planung/Grunderwerb:0,0:MON:30.06.2003:30.06.2003
TP.0483-RRB:Genehmigung:6,4:MON:30.06.2003:12.01.2004
TP.0483-RRB:Ausführung:30,0:MON:13.01.2004:12.07.2006
TP.0484-KA:Planung/Grunderwerb:23,0:MON:31.01.2005:29.12.2006
TP.0484-KA:Genehmigung:0,0:MON:29.12.2006:29.12.2006
TP.0484-KA:Ausführung:0,0:MON:29.12.2006:29.12.2006
TP.0486-KA:Planung/Grunderwerb:12,0:MON:30.12.2003:29.12.2004
TP.0486-KA:Genehmigung:0,0:MON:29.12.2004:29.12.2004
TP.0486-KA:Ausführung:24,0:MON:30.12.2004:29.12.2006
TP.0489-KA:Planung/Grunderwerb:10,0:MON:28.12.2004:27.10.2005
TP.0489-KA:Genehmigung:10,0:MON:28.10.2005:25.08.2006
TP.0489-KA:Ausführung:38,0:MON:28.08.2006:23.10.2009
TP.0489-EIN:Einnahmen:48,0:MON:27.12.2005:23.12.2009
TP.0496-RÜB:Planung/Grunderwerb:0,0:MON:30.12.2005:30.12.2005
TP.0496-RÜB:Genehmigung:0,0:MON:30.12.2005:30.12.2005
TP.0496-RÜB:Ausführung:12,0:MON:30.12.2005:29.12.2006
TP.0501-KA:Planung/Grunderwerb:0,0:MON:28.12.2009:28.12.2009
TP.0501-KA:Genehmigung:0,0:MON:28.12.2009:28.12.2009
TP.0501-KA:Ausführung:12,0:MON:28.12.2009:27.12.2010
TP.0504-KA:Planung/Grunderwerb:0,0:MON:03.01.2005:03.01.2005
TP.0504-KA:Genehmigung:0,0:MON:03.01.2005:03.01.2005
TP.0504-KA:Ausführung:24,0:MON:03.01.2005:02.01.2007
TP.0505-KA:Planung/Grunderwerb:0,0:MON:28.04.2006:28.04.2006
TP.0505-KA:Genehmigung:0,0:MON:28.04.2006:28.04.2006
TP.0505-KA:Ausführung:6,0:MON:28.04.2006:27.10.2006
TP.0507-KA:Planung/Grunderwerb:12,0:MON:03.01.2006:02.01.2007
TP.0507-KA:Genehmigung:0,0:MON:02.01.2007:02.01.2007
TP.0507-KA:Ausführung:12,0:MON:03.01.2007:02.01.2008
TP.0508-KA:Planung/Grunderwerb:8,9:MON:27.12.2004:21.09.2005
TP.0508-KA:Genehmigung:0,0:MON:21.09.2005:21.09.2005
TP.0508-KA:Ausführung:18,0:MON:22.09.2005:21.03.2007
TP.0509-KA:Planung/Grunderwerb:11,9:MON:03.01.2005:28.12.2005
TP.0509-KA:Genehmigung:0,1:MON:29.12.2005:02.01.2006
TP.0509-KA:Ausführung:12,0:MON:03.01.2006:02.01.2007
TP.0511-KA:Planung/Grunderwerb:0,0:MON:02.08.2004:02.08.2004
TP.0511-KA:Genehmigung:0,0:MON:02.08.2004:02.08.2004
TP.0511-KA:Ausführung:16,9:MON:02.08.2004:27.12.2005
TP.0513-KA:Planung/Grunderwerb:0,0:MON:03.01.2005:03.01.2005
TP.0513-KA:Genehmigung:0,0:MON:03.01.2005:03.01.2005
TP.0513-KA:Ausführung:12,0:MON:03.01.2005:02.01.2006
TP.0519-KA:Planung/Grunderwerb:20,8:MON:05.01.2004:26.09.2005
TP.0519-KA:Genehmigung:6,0:MON:27.09.2005:24.03.2006
TP.0519-KA:Ausführung:9,0:MON:27.03.2006:22.12.2006
TP.0520-RÜB:Planung/Grunderwerb:5,9:MON:03.01.2005:28.06.2005
TP.0520-RÜB:Genehmigung:6,0:MON:29.06.2005:28.12.2005
TP.0520-RÜB:Ausführung:24,0:MON:29.12.2005:28.12.2007
TP.0521-RÜB:Planung/Grunderwerb:5,9:MON:29.12.2004:23.06.2005
TP.0521-RÜB:Genehmigung:6,0:MON:24.06.2005:23.12.2005
TP.0521-RÜB:Ausführung:24,0:MON:27.12.2005:21.12.2007
TP.0522-KA:Planung/Grunderwerb:0,0:MON:02.01.2006:02.01.2006
TP.0522-KA:Genehmigung:0,0:MON:02.01.2006:02.01.2006
TP.0522-KA:Ausführung:36,0:MON:02.01.2006:30.12.2008
TP.0524-KA:Planung/Grunderwerb:0,0:MON:03.01.2005:03.01.2005
TP.0524-KA:Genehmigung:0,0:MON:03.01.2005:03.01.2005
TP.0524-KA:Ausführung:36,0:MON:03.01.2005:02.01.2008
TP.0525-KA:Planung/Grunderwerb:12,0:MON:03.01.2005:02.01.2006
TP.0525-KA:Genehmigung:12,0:MON:03.01.2006:02.01.2007
TP.0525-KA:Ausführung:24,0:MON:03.01.2007:02.01.2009
TP.0526-KA:Planung/Grunderwerb:6,0:MON:29.12.2004:28.06.2005
TP.0526-KA:Genehmigung:0,0:MON:28.06.2005:28.06.2005
TP.0526-KA:Ausführung:30,0:MON:29.06.2005:28.12.2007
TP.0527-KA:Planung/Grunderwerb:0,0:MON:03.01.2005:03.01.2005
TP.0527-KA:Genehmigung:0,0:MON:03.01.2005:03.01.2005
TP.0527-KA:Ausführung:24,0:MON:03.01.2005:02.01.2007
TP.0528-RÜB:Planung/Grunderwerb:12,0:MON:02.01.2003:30.12.2003
TP.0528-RÜB:Genehmigung:17,1:MON:02.01.2004:01.06.2005
TP.0528-RÜB:Ausführung:17,6:MON:02.06.2005:20.11.2006
TP.0529-KA:Planung/Grunderwerb:0,0:MON:01.01.2006:01.01.2006
TP.0529-KA:Genehmigung:0,0:MON:01.01.2006:01.01.2006
TP.0529-KA:Ausführung:0,0:MON:01.01.2006:01.01.2006
TP.0530-KA:Planung/Grunderwerb:0,0:MON:30.11.2004:30.11.2004
TP.0530-KA:Genehmigung:0,0:MON:30.11.2004:30.11.2004
TP.0530-KA:Ausführung:25,0:MON:30.11.2004:29.12.2006
TP.0531-KA:Planung/Grunderwerb:12,0:MON:29.12.2004:28.12.2005
TP.0531-KA:Genehmigung:8,9:MON:29.12.2005:25.09.2006
TP.0531-KA:Ausführung:27,0:MON:26.09.2006:23.12.2008
TP.0532-KA:Planung/Grunderwerb:0,0:MON:03.01.2005:03.01.2005
TP.0532-KA:Genehmigung:0,0:MON:03.01.2005:03.01.2005
TP.0532-KA:Ausführung:24,0:MON:03.01.2005:02.01.2007
TP.0533-KA:Planung/Grunderwerb:18,0:MON:27.12.2004:26.06.2006
TP.0533-KA:Genehmigung:6,0:MON:27.06.2006:22.12.2006
TP.0533-KA:Ausführung:24,0:MON:27.12.2006:22.12.2008
TP.0534-KA:Planung/Grunderwerb:12,0:MON:03.01.2005:02.01.2006
TP.0534-KA:Genehmigung:0,0:MON:02.01.2006:02.01.2006
TP.0534-KA:Ausführung:24,0:MON:03.01.2006:02.01.2008
TP.0535-KA:Planung/Grunderwerb:5,9:MON:30.12.2004:24.06.2005
TP.0535-KA:Genehmigung:6,0:MON:27.06.2005:23.12.2005
TP.0535-KA:Ausführung:17,9:MON:27.12.2005:19.06.2007
TP.0536-KA:Planung/Grunderwerb:12,0:MON:03.01.2005:02.01.2006
TP.0536-KA:Genehmigung:0,0:MON:02.01.2006:02.01.2006
TP.0536-KA:Ausführung:5,9:MON:03.01.2006:28.06.2006
TP.0539-KA:Planung/Grunderwerb:0,0:MON:03.01.2005:03.01.2005
TP.0539-KA:Genehmigung:0,0:MON:03.01.2005:03.01.2005
TP.0539-KA:Ausführung:12,0:MON:03.01.2005:02.01.2006
TP.0540-RÜB:Planung/Grunderwerb:12,7:MON:15.09.2003:05.10.2004
TP.0540-RÜB:Genehmigung:7,0:MON:06.10.2004:04.05.2005
TP.0540-RÜB:Ausführung:6,4:MON:06.05.2005:15.11.2005
TP.0542-RÜB:Planung/Grunderwerb:15,1:MON:15.10.2003:18.01.2005
TP.0542-RÜB:Genehmigung:12,6:MON:19.01.2005:06.02.2006
TP.0542-RÜB:Ausführung:6,9:MON:07.02.2006:01.09.2006
TP.0546-RÜB:Planung/Grunderwerb:3,0:MON:02.01.2006:31.03.2006
TP.0546-RÜB:Genehmigung:3,0:MON:03.04.2006:30.06.2006
TP.0546-RÜB:Ausführung:9,0:MON:03.07.2006:30.03.2007
TP.0547-KAN:Planung/Grunderwerb:9,0:MON:29.12.2004:28.09.2005
TP.0547-KAN:Genehmigung:6,0:MON:29.09.2005:28.03.2006
TP.0547-KAN:Ausführung:21,0:MON:29.03.2006:28.12.2007
TP.0548-RÜB:Planung/Grunderwerb:5,9:MON:02.01.2006:28.06.2006
TP.0548-RÜB:Genehmigung:6,0:MON:29.06.2006:28.12.2006
TP.0548-RÜB:Ausführung:14,0:MON:29.12.2006:28.02.2008
TP.0549-RÜB:Planung/Grunderwerb:12,0:MON:29.12.2004:28.12.2005
TP.0549-RÜB:Genehmigung:12,0:MON:29.12.2005:28.12.2006
TP.0549-RÜB:Ausführung:12,0:MON:29.12.2006:28.12.2007
TP.0550-RÜB:Planung/Grunderwerb:11,8:MON:05.01.2004:28.12.2004
TP.0550-RÜB:Genehmigung:30,0:MON:29.12.2004:28.06.2007
TP.0550-RÜB:Ausführung:15,0:MON:29.06.2007:26.09.2008
TP.0553-KA:Planung/Grunderwerb:0,0:MON:02.01.2006:02.01.2006
TP.0553-KA:Genehmigung:0,0:MON:02.01.2006:02.01.2006
TP.0553-KA:Ausführung:12,0:MON:02.01.2006:29.12.2006
TP.0554-RÜB:Planung/Grunderwerb:18,0:MON:29.12.2004:28.06.2006
TP.0554-RÜB:Genehmigung:9,0:MON:29.06.2006:28.03.2007
TP.0554-RÜB:Ausführung:12,0:MON:29.03.2007:28.03.2008
TP.0555-RÜB:Planung/Grunderwerb:0,0:MON:03.01.2005:03.01.2005
TP.0555-RÜB:Genehmigung:0,0:MON:03.01.2005:03.01.2005
TP.0555-RÜB:Ausführung:18,0:MON:03.01.2005:30.06.2006
TP.0556-RÜB:Planung/Grunderwerb:0,0:MON:03.01.2005:03.01.2005
TP.0556-RÜB:Genehmigung:0,0:MON:03.01.2005:03.01.2005
TP.0556-RÜB:Ausführung:18,0:MON:03.01.2005:30.06.2006
TP.0557-BAU:Planung/Grunderwerb:0,0:MON:03.01.2005:03.01.2005
TP.0557-BAU:Genehmigung:0,0:MON:03.01.2005:03.01.2005
TP.0557-BAU:Ausführung:24,0:MON:03.01.2005:02.01.2007
TP.0558-RÜB:Planung/Grunderwerb:33,0:MON:02.01.2006:01.10.2008
TP.0558-RÜB:Genehmigung:6,0:MON:02.10.2008:01.04.2009
TP.0558-RÜB:Ausführung:20,0:MON:02.04.2009:01.12.2010
TP.0559-RÜB:Planung/Grunderwerb:18,0:MON:27.12.2004:26.06.2006
TP.0559-RÜB:Genehmigung:12,0:MON:27.06.2006:26.06.2007
TP.0559-RÜB:Ausführung:18,0:MON:27.06.2007:23.12.2008
TP.0560-RÜB:Planung/Grunderwerb:0,0:MON:02.01.2007:02.01.2007
TP.0560-RÜB:Genehmigung:0,0:MON:02.01.2007:02.01.2007
TP.0560-RÜB:Ausführung:12,0:MON:02.01.2007:28.12.2007
TP.0561-KA:Planung/Grunderwerb:0,0:MON:03.01.2005:03.01.2005
TP.0561-KA:Genehmigung:0,0:MON:03.01.2005:03.01.2005
TP.0561-KA:Ausführung:5,9:MON:03.01.2005:28.06.2005
TP.0562-RÜB:Planung/Grunderwerb:0,0:MON:03.01.2005:03.01.2005
TP.0562-RÜB:Genehmigung:0,0:MON:03.01.2005:03.01.2005
TP.0562-RÜB:Ausführung:10,0:MON:03.01.2005:02.11.2005
TP.0565-RÜB:Planung/Grunderwerb:5,9:MON:29.12.2004:23.06.2005
TP.0565-RÜB:Genehmigung:6,0:MON:24.06.2005:23.12.2005
TP.0565-RÜB:Ausführung:0,0:MON:23.12.2005:23.12.2005
TP.0566-RÜB:Planung/Grunderwerb:0,0:MON:03.01.2005:03.01.2005
TP.0566-RÜB:Genehmigung:0,0:MON:03.01.2005:03.01.2005
TP.0566-RÜB:Ausführung:36,0:MON:03.01.2005:02.01.2008
TP.0567-RÜB:Planung/Grunderwerb:12,0:MON:15.08.2005:14.08.2006
TP.0567-RÜB:Genehmigung:12,0:MON:15.08.2006:14.08.2007
TP.0567-RÜB:Ausführung:16,0:MON:15.08.2007:12.12.2008
TP.0568-KA:Planung/Grunderwerb:18,0:MON:02.01.2006:29.06.2007
TP.0568-KA:Genehmigung:6,0:MON:02.07.2007:28.12.2007
TP.0568-KA:Ausführung:24,0:MON:02.01.2008:28.12.2009
TP.0569-RÜB:Planung/Grunderwerb:15,0:MON:29.12.2004:28.03.2006
TP.0569-RÜB:Genehmigung:8,0:MON:29.03.2006:28.11.2006
TP.0569-RÜB:Ausführung:24,0:MON:29.11.2006:28.11.2008
TP.0570-KA:Planung/Grunderwerb:12,0:MON:02.01.2006:29.12.2006
TP.0570-KA:Genehmigung:7,0:MON:02.01.2007:27.07.2007
TP.0570-KA:Ausführung:12,0:MON:30.07.2007:25.07.2008
TP.0570-EIN:Einnahmen:24,0:MON:29.12.2005:28.12.2007
TP.0571-KA:Planung/Grunderwerb:0,0:MON:30.12.2005:30.12.2005
TP.0571-KA:Genehmigung:0,0:MON:30.12.2005:30.12.2005
TP.0571-KA:Ausführung:12,0:MON:30.12.2005:29.12.2006
TP.0572-RÜB:Planung/Grunderwerb:0,0:MON:29.12.2005:29.12.2005
TP.0572-RÜB:Genehmigung:0,0:MON:29.12.2005:29.12.2005
TP.0572-RÜB:Ausführung:24,0:MON:29.12.2005:28.12.2007
TP.0573-KAN:Planung/Grunderwerb:24,0:MON:03.01.2005:02.01.2007
TP.0573-KAN:Genehmigung:6,0:MON:03.01.2007:02.07.2007
TP.0573-KAN:Ausführung:42,0:MON:03.07.2007:30.12.2010
TP.0574-RÜB:Planung/Grunderwerb:0,0:MON:03.01.2005:03.01.2005
TP.0574-RÜB:Genehmigung:0,0:MON:03.01.2005:03.01.2005
TP.0574-RÜB:Ausführung:34,0:MON:03.01.2005:02.11.2007
TP.0575-KA:Planung/Grunderwerb:12,7:MON:27.01.2003:17.02.2004
TP.0575-KA:Genehmigung:10,4:MON:18.02.2004:29.12.2004
TP.0575-KA:Ausführung:12,0:MON:30.12.2004:29.12.2005
TP.0576-RÜB:Planung/Grunderwerb:0,0:MON:03.01.2005:03.01.2005
TP.0576-RÜB:Genehmigung:2,9:MON:03.01.2005:29.03.2005
TP.0576-RÜB:Ausführung:15,0:MON:30.03.2005:29.06.2006
TP.0577-KA:Planung/Grunderwerb:0,0:MON:03.01.2005:03.01.2005
TP.0577-KA:Genehmigung:0,0:MON:03.01.2005:03.01.2005
TP.0577-KA:Ausführung:12,0:MON:03.01.2005:02.01.2006
TP.0578-RÜB:Planung/Grunderwerb:0,0:MON:03.01.2005:03.01.2005
TP.0578-RÜB:Genehmigung:0,0:MON:03.01.2005:03.01.2005
TP.0578-RÜB:Ausführung:12,0:MON:03.01.2005:02.01.2006
TP.0579-KA:Planung/Grunderwerb:6,0:MON:03.01.2005:01.07.2005
TP.0579-KA:Genehmigung:0,0:MON:01.07.2005:01.07.2005
TP.0579-KA:Ausführung:21,0:MON:04.07.2005:30.03.2007
TP.0580-KA:Planung/Grunderwerb:0,0:MON:01.06.2005:01.06.2005
TP.0580-KA:Genehmigung:0,0:MON:01.06.2005:01.06.2005
TP.0580-KA:Ausführung:6,0:MON:01.06.2005:30.11.2005
TP.0581-RÜB:Planung/Grunderwerb:8,0:MON:29.07.2005:28.03.2006
TP.0581-RÜB:Genehmigung:10,0:MON:29.03.2006:26.01.2007
TP.0581-RÜB:Ausführung:14,0:MON:29.01.2007:26.03.2008
TP.0582-KA:Planung/Grunderwerb:0,0:MON:03.01.2005:03.01.2005
TP.0582-KA:Genehmigung:0,0:MON:03.01.2005:03.01.2005
TP.0582-KA:Ausführung:60,0:MON:03.01.2005:30.12.2009
TP.0583-RÜB:Planung/Grunderwerb:20,0:MON:22.12.2004:21.08.2006
TP.0583-RÜB:Genehmigung:9,0:MON:22.08.2006:21.05.2007
TP.0583-RÜB:Ausführung:18,0:MON:22.05.2007:21.11.2008
TP.0584-RÜB:Planung/Grunderwerb:22,0:MON:03.01.2005:02.11.2006
TP.0584-RÜB:Genehmigung:5,9:MON:03.11.2006:27.04.2007
TP.0584-RÜB:Ausführung:18,0:MON:30.04.2007:27.10.2008
TP.0585-KA:Planung/Grunderwerb:0,0:MON:01.04.2005:01.04.2005
TP.0585-KA:Genehmigung:0,0:MON:01.04.2005:01.04.2005
TP.0585-KA:Ausführung:6,0:MON:01.04.2005:30.09.2005
TP.0586-KA:Planung/Grunderwerb:0,0:MON:03.01.2005:03.01.2005
TP.0586-KA:Genehmigung:0,0:MON:03.01.2005:03.01.2005
TP.0586-KA:Ausführung:36,0:MON:03.01.2005:02.01.2008
TP.0587-KA:Planung/Grunderwerb:0,0:MON:30.06.2005:30.06.2005
TP.0587-KA:Genehmigung:0,0:MON:30.06.2005:30.06.2005
TP.0587-KA:Ausführung:24,0:MON:30.06.2005:29.06.2007
TP.0588-KA:Planung/Grunderwerb:0,0:MON:02.01.2006:02.01.2006
TP.0588-KA:Genehmigung:0,0:MON:02.01.2006:02.01.2006
TP.0588-KA:Ausführung:16,0:MON:02.01.2006:30.04.2007
TP.0589-RÜB:Planung/Grunderwerb:0,0:MON:30.12.2005:30.12.2005
TP.0589-RÜB:Genehmigung:0,0:MON:30.12.2005:30.12.2005
TP.0589-RÜB:Ausführung:18,0:MON:30.12.2005:29.06.2007
TP.0590-RÜB:Planung/Grunderwerb:0,0:MON:02.01.2006:02.01.2006
TP.0590-RÜB:Genehmigung:0,0:MON:02.01.2006:02.01.2006
TP.0590-RÜB:Ausführung:16,0:MON:02.01.2006:30.04.2007
TP.0591-RÜB:Planung/Grunderwerb:0,0:MON:02.01.2006:02.01.2006
TP.0591-RÜB:Genehmigung:0,0:MON:02.01.2006:02.01.2006
TP.0591-RÜB:Ausführung:16,0:MON:02.01.2006:30.04.2007
TP.0592-RÜB:Planung/Grunderwerb:0,0:MON:30.06.2006:30.06.2006
TP.0592-RÜB:Genehmigung:0,0:MON:30.06.2006:30.06.2006
TP.0592-RÜB:Ausführung:6,0:MON:03.07.2006:29.12.2006
TP.0593-RÜB:Planung/Grunderwerb:0,0:MON:31.05.2006:31.05.2006
TP.0593-RÜB:Genehmigung:0,0:MON:31.05.2006:31.05.2006
TP.0593-RÜB:Ausführung:0,0:MON:31.05.2006:31.05.2006
TP.0594-KA:Planung/Grunderwerb:0,0:MON:30.12.2005:30.12.2005
TP.0594-KA:Genehmigung:0,0:MON:30.12.2005:30.12.2005
TP.0594-KA:Ausführung:18,0:MON:30.12.2005:29.06.2007
TP.0595-KA:Planung/Grunderwerb:0,0:MON:02.01.2006:02.01.2006
TP.0595-KA:Genehmigung:0,0:MON:02.01.2006:02.01.2006
TP.0595-KA:Ausführung:20,0:MON:02.01.2006:31.08.2007
TP.0596-KA:Planung/Grunderwerb:0,0:MON:03.01.2005:03.01.2005
TP.0596-KA:Genehmigung:0,0:MON:03.01.2005:03.01.2005
TP.0596-KA:Ausführung:12,0:MON:03.01.2005:02.01.2006
TP.0597-RÜB:Planung/Grunderwerb:0,0:MON:03.01.2005:03.01.2005
TP.0597-RÜB:Genehmigung:0,0:MON:03.01.2005:03.01.2005
TP.0597-RÜB:Ausführung:12,0:MON:03.01.2005:02.01.2006
TP.0598-RÜB:Planung/Grunderwerb:2,0:MON:29.12.2008:27.02.2009
TP.0598-RÜB:Genehmigung:2,0:MON:02.03.2009:27.04.2009
TP.0598-RÜB:Ausführung:10,0:MON:28.04.2009:26.02.2010
TP.0599-RÜB:Planung/Grunderwerb:0,0:MON:03.01.2005:03.01.2005
TP.0599-RÜB:Genehmigung:0,0:MON:03.01.2005:03.01.2005
TP.0599-RÜB:Ausführung:12,0:MON:03.01.2005:02.01.2006
TP.0600-RÜB:Planung/Grunderwerb:0,0:MON:02.01.2009:02.01.2009
TP.0600-RÜB:Genehmigung:0,0:MON:02.01.2009:02.01.2009
TP.0600-RÜB:Ausführung:24,0:MON:02.01.2009:30.12.2010
TP.0601-RÜB:Planung/Grunderwerb:0,0:MON:02.01.2009:02.01.2009
TP.0601-RÜB:Genehmigung:0,0:MON:02.01.2009:02.01.2009
TP.0601-RÜB:Ausführung:24,0:MON:02.01.2009:30.12.2010
TP.0603-KA:Planung/Grunderwerb:0,0:MON:04.01.2010:04.01.2010
TP.0603-KA:Genehmigung:0,0:MON:04.01.2010:04.01.2010
TP.0603-KA:Ausführung:12,0:MON:04.01.2010:03.01.2011
TP.0604-KA:Planung/Grunderwerb:0,0:MON:30.12.2005:30.12.2005
TP.0604-KA:Genehmigung:0,0:MON:30.12.2005:30.12.2005
TP.0604-KA:Ausführung:12,0:MON:30.12.2005:29.12.2006
TP.0605-KA:Planung/Grunderwerb:0,0:MON:29.12.2005:29.12.2005
TP.0605-KA:Genehmigung:0,0:MON:29.12.2005:29.12.2005
TP.0605-KA:Ausführung:24,0:MON:29.12.2005:28.12.2007
TP.0606-KA:Planung/Grunderwerb:0,0:MON:29.12.2005:29.12.2005
TP.0606-KA:Genehmigung:0,0:MON:29.12.2005:29.12.2005
TP.0606-KA:Ausführung:24,0:MON:29.12.2005:28.12.2007
TP.0608-KAN:Planung/Grunderwerb:0,0:MON:30.12.2005:30.12.2005
TP.0608-KAN:Genehmigung:0,0:MON:30.12.2005:30.12.2005
TP.0608-KAN:Ausführung:12,0:MON:30.12.2005:29.12.2006
TP.0609-KAN:Planung/Grunderwerb:0,0:MON:30.12.2005:30.12.2005
TP.0609-KAN:Genehmigung:0,0:MON:30.12.2005:30.12.2005
TP.0609-KAN:Ausführung:12,0:MON:30.12.2005:29.12.2006
TP.0610-RÜB:Planung/Grunderwerb:0,0:MON:30.12.2005:30.12.2005
TP.0610-RÜB:Genehmigung:0,0:MON:30.12.2005:30.12.2005
TP.0610-RÜB:Ausführung:18,0:MON:30.12.2005:29.06.2007
TP.0611-RÜB:Planung/Grunderwerb:0,0:MON:02.01.2006:02.01.2006
TP.0611-RÜB:Genehmigung:0,0:MON:02.01.2006:02.01.2006
TP.0611-RÜB:Ausführung:48,0:MON:02.01.2006:30.12.2009
TP.0612-RÜB:Planung/Grunderwerb:0,0:MON:27.12.2005:27.12.2005
TP.0612-RÜB:Genehmigung:0,0:MON:27.12.2005:27.12.2005
TP.0612-RÜB:Ausführung:36,0:MON:27.12.2005:23.12.2008
TP.0613-RÜB:Planung/Grunderwerb:0,0:MON:22.12.2003:22.12.2003
TP.0613-RÜB:Genehmigung:0,0:MON:22.12.2003:22.12.2003
TP.0613-RÜB:Ausführung:36,0:MON:22.12.2003:21.12.2006
TP.0614-RÜB:Planung/Grunderwerb:16,0:MON:27.12.2004:26.04.2006
TP.0614-RÜB:Genehmigung:12,0:MON:27.04.2006:26.04.2007
TP.0614-RÜB:Ausführung:20,0:MON:27.04.2007:23.12.2008
TP.0615-RÜB:Planung/Grunderwerb:6,0:MON:29.12.2005:28.06.2006
TP.0615-RÜB:Genehmigung:6,0:MON:29.06.2006:28.12.2006
TP.0615-RÜB:Ausführung:24,0:MON:29.12.2006:23.12.2008
TP.0616-RÜB:Planung/Grunderwerb:9,0:MON:27.12.2005:26.09.2006
TP.0616-RÜB:Genehmigung:6,0:MON:27.09.2006:26.03.2007
TP.0616-RÜB:Ausführung:21,0:MON:27.03.2007:23.12.2008
TP.0617-KA:Planung/Grunderwerb:0,0:MON:09.12.2005:09.12.2005
TP.0617-KA:Genehmigung:0,0:MON:09.12.2005:09.12.2005
TP.0617-KA:Ausführung:0,0:MON:09.12.2005:09.12.2005
TP.0618-RÜB:Planung/Grunderwerb:0,0:MON:29.12.2005:29.12.2005
TP.0618-RÜB:Genehmigung:0,0:MON:29.12.2005:29.12.2005
TP.0618-RÜB:Ausführung:24,0:MON:29.12.2005:28.12.2007
TP.0619-KA:Planung/Grunderwerb:0,0:MON:02.01.2006:02.01.2006
TP.0619-KA:Genehmigung:0,0:MON:02.01.2006:02.01.2006
TP.0619-KA:Ausführung:12,0:MON:02.01.2006:29.12.2006
TP.0620-KA:Planung/Grunderwerb:0,0:MON:02.01.2006:02.01.2006
TP.0620-KA:Genehmigung:0,0:MON:02.01.2006:02.01.2006
TP.0620-KA:Ausführung:12,0:MON:02.01.2006:29.12.2006
TP.0621-KA:Planung/Grunderwerb:0,0:MON:02.01.2006:02.01.2006
TP.0621-KA:Genehmigung:0,0:MON:02.01.2006:02.01.2006
TP.0621-KA:Ausführung:12,0:MON:02.01.2006:29.12.2006
TP.0622-KA:Planung/Grunderwerb:0,0:MON:02.01.2006:02.01.2006
TP.0622-KA:Genehmigung:0,0:MON:02.01.2006:02.01.2006
TP.0622-KA:Ausführung:12,0:MON:02.01.2006:29.12.2006
TP.0623-RÜB:Planung/Grunderwerb:0,0:MON:02.01.2006:02.01.2006
TP.0623-RÜB:Genehmigung:0,0:MON:02.01.2006:02.01.2006
TP.0623-RÜB:Ausführung:12,0:MON:02.01.2006:29.12.2006
TP.0624-RÜB:Planung/Grunderwerb:0,0:MON:02.01.2006:02.01.2006
TP.0624-RÜB:Genehmigung:0,0:MON:02.01.2006:02.01.2006
TP.0624-RÜB:Ausführung:12,0:MON:02.01.2006:29.12.2006
TP.0625-RÜB:Planung/Grunderwerb:0,0:MON:02.01.2006:02.01.2006
TP.0625-RÜB:Genehmigung:0,0:MON:02.01.2006:02.01.2006
TP.0625-RÜB:Ausführung:12,0:MON:02.01.2006:29.12.2006
TP.0626-RÜB:Planung/Grunderwerb:0,0:MON:02.01.2006:02.01.2006
TP.0626-RÜB:Genehmigung:0,0:MON:02.01.2006:02.01.2006
TP.0626-RÜB:Ausführung:12,0:MON:02.01.2006:29.12.2006
TP.0627-RÜB:Planung/Grunderwerb:0,0:MON:02.01.2006:02.01.2006
TP.0627-RÜB:Genehmigung:0,0:MON:02.01.2006:02.01.2006
TP.0627-RÜB:Ausführung:12,0:MON:02.01.2006:29.12.2006
TP.0637-GEW:Planung/Grunderwerb:24,0:MON:03.01.2005:29.12.2006
TP.0637-GEW:Genehmigung:0,0:MON:29.12.2006:29.12.2006
TP.0637-GEW:Ausführung:0,0:MON:29.12.2006:29.12.2006
TP.0637-EIN:Einnahmen:12,0:MON:02.01.2006:29.12.2006
TP.0638-GEW:Planung/Grunderwerb:6,0:MON:30.12.2004:29.06.2005
TP.0638-GEW:Genehmigung:6,0:MON:30.06.2005:29.12.2005
TP.0638-GEW:Ausführung:12,0:MON:30.12.2005:29.12.2006
TP.0638-EIN:Einnahmen:0,0:MON:29.12.2004:29.12.2004
TP.0639-TSP:Planung/Grunderwerb:6,0:MON:02.01.2007:29.06.2007
TP.0639-TSP:Genehmigung:0,0:MON:29.06.2007:29.06.2007
TP.0639-TSP:Ausführung:18,0:MON:02.07.2007:29.12.2008
TP.0641-KA:Planung/Grunderwerb:0,0:MON:02.01.2006:02.01.2006
TP.0641-KA:Genehmigung:0,0:MON:02.01.2006:02.01.2006
TP.0641-KA:Ausführung:12,0:MON:02.01.2006:29.12.2006
TP.0642-KA:Planung/Grunderwerb:0,0:MON:02.01.2006:02.01.2006
TP.0642-KA:Genehmigung:0,0:MON:02.01.2006:02.01.2006
TP.0642-KA:Ausführung:12,0:MON:02.01.2006:29.12.2006
TP.0643-KA:Planung/Grunderwerb:0,0:MON:02.01.2006:02.01.2006
TP.0643-KA:Genehmigung:0,0:MON:02.01.2006:02.01.2006
TP.0643-KA:Ausführung:12,0:MON:02.01.2006:29.12.2006
TP.0644-KA:Planung/Grunderwerb:0,0:MON:02.01.2006:02.01.2006
TP.0644-KA:Genehmigung:0,0:MON:02.01.2006:02.01.2006
TP.0644-KA:Ausführung:12,0:MON:02.01.2006:29.12.2006
TP.0647-GEW:Planung/Grunderwerb:24,0:MON:28.12.2004:27.12.2006
TP.0647-GEW:Genehmigung:12,0:MON:28.12.2006:27.12.2007
TP.0647-GEW:Ausführung:6,0:MON:28.12.2007:27.06.2008
TP.0647-EIN:Einnahmen:30,0:MON:28.12.2005:27.06.2008
TP.0648-TSP:Planung/Grunderwerb:0,0:MON:02.01.2007:02.01.2007
TP.0648-TSP:Genehmigung:0,0:MON:02.01.2007:02.01.2007
TP.0648-TSP:Ausführung:24,0:MON:02.01.2007:30.12.2008
TP.0649-TSP:Planung/Grunderwerb:0,0:MON:02.01.2007:02.01.2007
TP.0649-TSP:Genehmigung:0,0:MON:02.01.2007:02.01.2007
TP.0649-TSP:Ausführung:24,0:MON:02.01.2007:30.12.2008
TP.0650-TSP:Planung/Grunderwerb:0,0:MON:29.12.2006:29.12.2006
TP.0650-TSP:Genehmigung:0,0:MON:29.12.2006:29.12.2006
TP.0650-TSP:Ausführung:12,0:MON:29.12.2006:28.12.2007
TP.0651-TSP:Planung/Grunderwerb:12,0:MON:02.01.2008:30.12.2008
TP.0651-TSP:Genehmigung:0,0:MON:30.12.2008:30.12.2008
TP.0651-TSP:Ausführung:24,0:MON:02.01.2009:30.12.2010
TP.0652-TSP:Planung/Grunderwerb:0,0:MON:02.01.2007:02.01.2007
TP.0652-TSP:Genehmigung:0,0:MON:02.01.2007:02.01.2007
TP.0652-TSP:Ausführung:24,0:MON:02.01.2007:30.12.2008
TP.0653-TSP:Planung/Grunderwerb:0,0:MON:02.01.2008:02.01.2008
TP.0653-TSP:Genehmigung:0,0:MON:02.01.2008:02.01.2008
TP.0653-TSP:Ausführung:36,0:MON:02.01.2008:30.12.2010
TP.0654-TSP:Planung/Grunderwerb:0,0:MON:02.01.2008:02.01.2008
TP.0654-TSP:Genehmigung:0,0:MON:02.01.2008:02.01.2008
TP.0654-TSP:Ausführung:36,0:MON:02.01.2008:30.12.2010
TP.0655-TSP:Planung/Grunderwerb:0,0:MON:02.01.2007:02.01.2007
TP.0655-TSP:Genehmigung:0,0:MON:02.01.2007:02.01.2007
TP.0655-TSP:Ausführung:36,0:MON:02.01.2007:30.12.2009
TP.0656-TSP:Planung/Grunderwerb:0,0:MON:02.01.2007:02.01.2007
TP.0656-TSP:Genehmigung:0,0:MON:02.01.2007:02.01.2007
TP.0656-TSP:Ausführung:24,0:MON:02.01.2007:30.12.2008
TP.0657-TSP:Planung/Grunderwerb:0,0:MON:02.01.2007:02.01.2007
TP.0657-TSP:Genehmigung:0,0:MON:02.01.2007:02.01.2007
TP.0657-TSP:Ausführung:24,0:MON:02.01.2007:30.12.2008
TP.0658-TSP:Planung/Grunderwerb:0,0:MON:02.01.2007:02.01.2007
TP.0658-TSP:Genehmigung:0,0:MON:02.01.2007:02.01.2007
TP.0658-TSP:Ausführung:24,0:MON:02.01.2007:30.12.2008
TP.0659-TSP:Planung/Grunderwerb:0,0:MON:02.01.2007:02.01.2007
TP.0659-TSP:Genehmigung:0,0:MON:02.01.2007:02.01.2007
TP.0659-TSP:Ausführung:24,0:MON:02.01.2007:30.12.2008
TP.0660-GEW:Planung/Grunderwerb:30,0:MON:30.12.2005:27.06.2008
TP.0660-GEW:Genehmigung:18,0:MON:30.06.2008:23.12.2009
TP.0660-GEW:Ausführung:12,0:MON:28.12.2009:23.12.2010
TP.0660-EIN:Einnahmen:48,0:MON:29.12.2006:28.12.2010
TP.0661-GEW:Planung/Grunderwerb:12,0:MON:02.01.2006:29.12.2006
TP.0661-GEW:Genehmigung:0,0:MON:29.12.2006:29.12.2006
TP.0661-GEW:Ausführung:0,0:MON:29.12.2006:29.12.2006
TP.0661-EIN:Einnahmen:12,0:MON:02.01.2006:29.12.2006
TP.0664-RÜB:Planung/Grunderwerb:4,0:MON:02.01.2007:30.04.2007
TP.0664-RÜB:Genehmigung:4,0:MON:02.05.2007:31.08.2007
TP.0664-RÜB:Ausführung:16,0:MON:03.09.2007:30.12.2008
TP.0665-RÜB:Planung/Grunderwerb:3,0:MON:02.01.2007:30.03.2007
TP.0665-RÜB:Genehmigung:2,0:MON:02.04.2007:30.05.2007
TP.0665-RÜB:Ausführung:4,0:MON:31.05.2007:28.09.2007
TP.0666-KA:Planung/Grunderwerb:0,0:MON:29.12.2006:29.12.2006
TP.0666-KA:Genehmigung:0,0:MON:29.12.2006:29.12.2006
TP.0666-KA:Ausführung:12,0:MON:29.12.2006:28.12.2007
TP.0667-KA:Planung/Grunderwerb:0,0:MON:02.01.2007:02.01.2007
TP.0667-KA:Genehmigung:0,0:MON:02.01.2007:02.01.2007
TP.0667-KA:Ausführung:9,0:MON:02.01.2007:01.10.2007
TP.0670-TSP:Planung/Grunderwerb:6,0:MON:02.01.2007:29.06.2007
TP.0670-TSP:Genehmigung:0,0:MON:29.06.2007:29.06.2007
TP.0670-TSP:Ausführung:42,0:MON:02.07.2007:29.12.2010
TP.0671-TSP:Planung/Grunderwerb:12,0:MON:29.12.2006:28.12.2007
TP.0671-TSP:Genehmigung:0,0:MON:28.12.2007:28.12.2007
TP.0671-TSP:Ausführung:0,0:MON:28.12.2007:28.12.2007
TP.0671-EIN:Einnahmen:0,0:MON:28.12.2006:28.12.2006
TP.0672-TSP:Planung/Grunderwerb:0,0:MON:29.12.2006:29.12.2006
TP.0672-TSP:Genehmigung:0,0:MON:29.12.2006:29.12.2006
TP.0672-TSP:Ausführung:12,0:MON:29.12.2006:28.12.2007
TP.0673-TSP:Planung/Grunderwerb:36,0:MON:02.01.2007:30.12.2009
TP.0673-TSP:Genehmigung:0,0:MON:30.12.2009:30.12.2009
TP.0673-TSP:Ausführung:0,0:MON:30.12.2009:30.12.2009
TP.0674-TSP:Planung/Grunderwerb:24,0:MON:02.01.2007:30.12.2008
TP.0674-TSP:Genehmigung:0,0:MON:30.12.2008:30.12.2008
TP.0674-TSP:Ausführung:0,0:MON:30.12.2008:30.12.2008
TP.0675-TSP:Planung/Grunderwerb:36,0:MON:29.12.2006:28.12.2009
TP.0675-TSP:Genehmigung:0,0:MON:28.12.2009:28.12.2009
TP.0675-TSP:Ausführung:0,0:MON:28.12.2009:28.12.2009
TP.0677-RÜB:Planung/Grunderwerb:8,0:MON:03.01.2008:02.09.2008
TP.0677-RÜB:Genehmigung:8,0:MON:03.09.2008:30.04.2009
TP.0677-RÜB:Ausführung:12,0:MON:04.05.2009:30.04.2010
TP.0678-RÜB:Planung/Grunderwerb:8,0:MON:02.01.2008:01.09.2008
TP.0678-RÜB:Genehmigung:8,0:MON:02.09.2008:30.04.2009
TP.0678-RÜB:Ausführung:18,0:MON:04.05.2009:29.10.2010
TP.0679-KA:Planung/Grunderwerb:4,0:MON:29.12.2009:28.04.2010
TP.0679-KA:Genehmigung:2,0:MON:29.04.2010:28.06.2010
TP.0679-KA:Ausführung:8,0:MON:29.06.2010:28.02.2011
TP.0680-RÜB:Planung/Grunderwerb:6,0:MON:02.01.2008:01.07.2008
TP.0680-RÜB:Genehmigung:6,0:MON:02.07.2008:30.12.2008
TP.0680-RÜB:Ausführung:12,0:MON:02.01.2009:30.12.2009
TP.0681-KA:Planung/Grunderwerb:5,0:MON:05.01.2009:04.06.2009
TP.0681-KA:Genehmigung:0,0:MON:04.06.2009:04.06.2009
TP.0681-KA:Ausführung:8,0:MON:05.06.2009:04.02.2010
TP.0682-RÜB:Planung/Grunderwerb:8,0:MON:03.01.2008:02.09.2008
TP.0682-RÜB:Genehmigung:8,0:MON:03.09.2008:30.04.2009
TP.0682-RÜB:Ausführung:12,0:MON:04.05.2009:30.04.2010
TP.0683-RÜB:Planung/Grunderwerb:8,0:MON:03.01.2008:02.09.2008
TP.0683-RÜB:Genehmigung:8,0:MON:03.09.2008:30.04.2009
TP.0683-RÜB:Ausführung:12,0:MON:04.05.2009:30.04.2010
TP.0684-RÜB:Planung/Grunderwerb:8,0:MON:02.01.2008:01.09.2008
TP.0684-RÜB:Genehmigung:8,0:MON:02.09.2008:30.04.2009
TP.0684-RÜB:Ausführung:13,0:MON:04.05.2009:31.05.2010
TP.0685-RÜB:Planung/Grunderwerb:10,0:MON:03.01.2008:31.10.2008
TP.0685-RÜB:Genehmigung:8,0:MON:03.11.2008:30.06.2009
TP.0685-RÜB:Ausführung:18,0:MON:01.07.2009:30.12.2010
TP.0686-RÜB:Planung/Grunderwerb:4,0:MON:29.12.2008:28.04.2009
TP.0686-RÜB:Genehmigung:0,0:MON:28.04.2009:28.04.2009
TP.0686-RÜB:Ausführung:10,0:MON:29.04.2009:26.02.2010
TP.0687-KA:Planung/Grunderwerb:3,0:MON:05.01.2007:04.04.2007
TP.0687-KA:Genehmigung:2,0:MON:05.04.2007:04.06.2007
TP.0687-KA:Ausführung:8,0:MON:05.06.2007:04.02.2008
TP.0688-KA:Planung/Grunderwerb:4,0:MON:02.01.2007:30.04.2007
TP.0688-KA:Genehmigung:0,0:MON:30.04.2007:30.04.2007
TP.0688-KA:Ausführung:9,0:MON:02.05.2007:31.01.2008
TP.0690-KA:Planung/Grunderwerb:4,0:MON:03.01.2007:02.05.2007
TP.0690-KA:Genehmigung:0,0:MON:02.05.2007:02.05.2007
TP.0690-KA:Ausführung:8,0:MON:03.05.2007:02.01.2008
TP.0691-KA:Planung/Grunderwerb:6,0:MON:03.01.2007:02.07.2007
TP.0691-KA:Genehmigung:0,0:MON:02.07.2007:02.07.2007
TP.0691-KA:Ausführung:0,0:MON:02.07.2007:02.07.2007
TP.0692-KA:Planung/Grunderwerb:3,0:MON:03.01.2008:02.04.2008
TP.0692-KA:Genehmigung:0,0:MON:02.04.2008:02.04.2008
TP.0692-KA:Ausführung:6,0:MON:03.04.2008:02.10.2008
TP.0693-KA:Planung/Grunderwerb:2,0:MON:02.01.2009:27.02.2009
TP.0693-KA:Genehmigung:0,0:MON:27.02.2009:27.02.2009
TP.0693-KA:Ausführung:10,0:MON:02.03.2009:23.12.2009
TP.0694-KA:Planung/Grunderwerb:2,0:MON:02.01.2009:27.02.2009
TP.0694-KA:Genehmigung:0,0:MON:27.02.2009:27.02.2009
TP.0694-KA:Ausführung:10,0:MON:02.03.2009:23.12.2009
TP.0695-KA:Planung/Grunderwerb:2,0:MON:03.01.2008:29.02.2008
TP.0695-KA:Genehmigung:0,0:MON:29.02.2008:29.02.2008
TP.0695-KA:Ausführung:10,0:MON:03.03.2008:30.12.2008
TP.0696-KA:Planung/Grunderwerb:3,0:MON:05.01.2010:01.04.2010
TP.0696-KA:Genehmigung:3,0:MON:06.04.2010:01.07.2010
TP.0696-KA:Ausführung:8,0:MON:02.07.2010:01.03.2011
TP.0697-KA:Planung/Grunderwerb:3,0:MON:03.01.2007:02.04.2007
TP.0697-KA:Genehmigung:0,0:MON:02.04.2007:02.04.2007
TP.0697-KA:Ausführung:9,0:MON:03.04.2007:02.01.2008
TP.0698-RÜB:Planung/Grunderwerb:6,0:MON:03.01.2008:02.07.2008
TP.0698-RÜB:Genehmigung:8,0:MON:03.07.2008:02.03.2009
TP.0698-RÜB:Ausführung:12,0:MON:03.03.2009:02.03.2010
TP.0699-RÜB:Planung/Grunderwerb:6,0:MON:03.01.2008:02.07.2008
TP.0699-RÜB:Genehmigung:8,0:MON:03.07.2008:02.03.2009
TP.0699-RÜB:Ausführung:12,0:MON:03.03.2009:02.03.2010
TP.0700-RÜB:Planung/Grunderwerb:6,0:MON:03.01.2008:02.07.2008
TP.0700-RÜB:Genehmigung:8,0:MON:03.07.2008:02.03.2009
TP.0700-RÜB:Ausführung:12,0:MON:03.03.2009:02.03.2010
TP.0701-KA:Planung/Grunderwerb:3,0:MON:04.01.2010:01.04.2010
TP.0701-KA:Genehmigung:6,0:MON:06.04.2010:01.10.2010
TP.0701-KA:Ausführung:6,0:MON:04.10.2010:01.04.2011
TP.0702-KA:Planung/Grunderwerb:4,0:MON:05.01.2007:04.05.2007
TP.0702-KA:Genehmigung:6,0:MON:07.05.2007:02.11.2007
TP.0702-KA:Ausführung:6,0:MON:05.11.2007:02.05.2008
TP.0703-KA:Planung/Grunderwerb:3,0:MON:05.01.2010:01.04.2010
TP.0703-KA:Genehmigung:0,0:MON:01.04.2010:01.04.2010
TP.0703-KA:Ausführung:6,0:MON:06.04.2010:01.10.2010
TP.0704-KA:Planung/Grunderwerb:5,0:MON:05.01.2010:04.06.2010
TP.0704-KA:Genehmigung:0,0:MON:04.06.2010:04.06.2010
TP.0704-KA:Ausführung:8,0:MON:07.06.2010:04.02.2011
TP.0705-KA:Planung/Grunderwerb:5,0:MON:02.01.2007:01.06.2007
TP.0705-KA:Genehmigung:0,0:MON:01.06.2007:01.06.2007
TP.0705-KA:Ausführung:5,0:MON:04.06.2007:31.10.2007
TP.0706-RÜB:Planung/Grunderwerb:5,0:MON:29.12.2006:25.05.2007
TP.0706-RÜB:Genehmigung:0,0:MON:25.05.2007:25.05.2007
TP.0706-RÜB:Ausführung:7,0:MON:29.05.2007:21.12.2007
TP.0707-KA:Planung/Grunderwerb:5,0:MON:02.01.2008:30.05.2008
TP.0707-KA:Genehmigung:5,0:MON:02.06.2008:30.10.2008
TP.0707-KA:Ausführung:19,0:MON:31.10.2008:28.05.2010
TP.0708-KA:Planung/Grunderwerb:5,0:MON:05.01.2009:04.06.2009
TP.0708-KA:Genehmigung:0,0:MON:04.06.2009:04.06.2009
TP.0708-KA:Ausführung:8,0:MON:05.06.2009:04.02.2010
TP.0709-KA:Planung/Grunderwerb:5,0:MON:04.01.2010:02.06.2010
TP.0709-KA:Genehmigung:0,0:MON:02.06.2010:02.06.2010
TP.0709-KA:Ausführung:10,0:MON:04.06.2010:01.04.2011
TP.0710-RÜB:Planung/Grunderwerb:4,0:MON:03.01.2008:02.05.2008
TP.0710-RÜB:Genehmigung:0,0:MON:02.05.2008:02.05.2008
TP.0710-RÜB:Ausführung:9,0:MON:05.05.2008:02.02.2009
TP.0711-RÜB:Planung/Grunderwerb:6,0:MON:02.01.2007:29.06.2007
TP.0711-RÜB:Genehmigung:0,0:MON:29.06.2007:29.06.2007
TP.0711-RÜB:Ausführung:30,0:MON:02.07.2007:29.12.2009
TP.0712-RÜB:Planung/Grunderwerb:6,0:MON:02.01.2007:29.06.2007
TP.0712-RÜB:Genehmigung:0,0:MON:29.06.2007:29.06.2007
TP.0712-RÜB:Ausführung:30,0:MON:02.07.2007:29.12.2009
TP.0713-RÜB:Planung/Grunderwerb:4,0:MON:04.01.2007:03.05.2007
TP.0713-RÜB:Genehmigung:0,0:MON:03.05.2007:03.05.2007
TP.0713-RÜB:Ausführung:8,0:MON:04.05.2007:03.01.2008
TP.0714-RÜB:Planung/Grunderwerb:4,0:MON:04.01.2007:03.05.2007
TP.0714-RÜB:Genehmigung:0,0:MON:03.05.2007:03.05.2007
TP.0714-RÜB:Ausführung:8,0:MON:04.05.2007:03.01.2008
TP.0716-GEW:Planung/Grunderwerb:12,0:MON:29.12.2006:28.12.2007
TP.0716-GEW:Genehmigung:0,0:MON:28.12.2007:28.12.2007
TP.0716-GEW:Ausführung:0,0:MON:28.12.2007:28.12.2007
TP.0716-EIN:Einnahmen:12,0:MON:29.12.2006:28.12.2007
TP.0717-GEW:Planung/Grunderwerb:0,0:MON:29.12.2006:29.12.2006
TP.0717-GEW:Genehmigung:6,0:MON:29.12.2006:28.06.2007
TP.0717-GEW:Ausführung:6,0:MON:29.06.2007:28.12.2007
TP.0717-EIN:Einnahmen:12,0:MON:29.12.2006:28.12.2007
TP.0718-GEW:Planung/Grunderwerb:0,0:MON:29.12.2006:29.12.2006
TP.0718-GEW:Genehmigung:0,0:MON:29.12.2006:29.12.2006
TP.0718-GEW:Ausführung:12,0:MON:29.12.2006:28.12.2007
TP.0718-EIN:Einnahmen:0,0:MON:02.01.2007:02.01.2007
TP.0719-TSP:Planung/Grunderwerb:0,0:MON:29.12.2006:29.12.2006
TP.0719-TSP:Genehmigung:0,0:MON:29.12.2006:29.12.2006
TP.0719-TSP:Ausführung:12,0:MON:29.12.2006:28.12.2007
TP.0720-TSP:Planung/Grunderwerb:36,0:MON:02.01.2007:30.12.2009
TP.0720-TSP:Genehmigung:0,0:MON:30.12.2009:30.12.2009
TP.0720-TSP:Ausführung:0,0:MON:30.12.2009:30.12.2009
TP.0721-RÜB:Planung/Grunderwerb:12,0:MON:03.01.2007:02.01.2008
TP.0721-RÜB:Genehmigung:0,0:MON:02.01.2008:02.01.2008
TP.0721-RÜB:Ausführung:0,0:MON:02.01.2008:02.01.2008
TP.0722-GEW:Planung/Grunderwerb:24,0:MON:02.01.2007:30.12.2008
TP.0722-GEW:Genehmigung:0,0:MON:30.12.2008:30.12.2008
TP.0722-GEW:Ausführung:0,0:MON:30.12.2008:30.12.2008
TP.0722-EIN:Einnahmen:24,0:MON:02.01.2007:30.12.2008
TP.0723-KAN:Planung/Grunderwerb:2,0:MON:03.01.2007:02.03.2007
TP.0723-KAN:Genehmigung:0,0:MON:02.03.2007:02.03.2007
TP.0723-KAN:Ausführung:10,0:MON:05.03.2007:02.01.2008
TP.0724-GEW:Planung/Grunderwerb:24,0:MON:02.01.2007:30.12.2008
TP.0724-GEW:Genehmigung:0,0:MON:30.12.2008:30.12.2008
TP.0724-GEW:Ausführung:0,0:MON:30.12.2008:30.12.2008
TP.0724-EIN:Einnahmen:24,0:MON:02.01.2007:30.12.2008
TP.0725-GEW:Planung/Grunderwerb:24,0:MON:02.01.2007:30.12.2008
TP.0725-GEW:Genehmigung:0,0:MON:30.12.2008:30.12.2008
TP.0725-GEW:Ausführung:0,0:MON:30.12.2008:30.12.2008
TP.0725-EIN:Einnahmen:24,0:MON:02.01.2007:30.12.2008
TP.0726-GEW:Planung/Grunderwerb:36,0:MON:02.01.2007:30.12.2009
TP.0726-GEW:Genehmigung:0,0:MON:30.12.2009:30.12.2009
TP.0726-GEW:Ausführung:0,0:MON:30.12.2009:30.12.2009
TP.0726-EIN:Einnahmen:36,0:MON:02.01.2007:30.12.2009
TP.0727-GEW:Planung/Grunderwerb:24,0:MON:02.01.2007:30.12.2008
TP.0727-GEW:Genehmigung:0,0:MON:30.12.2008:30.12.2008
TP.0727-GEW:Ausführung:0,0:MON:30.12.2008:30.12.2008
TP.0727-EIN:Einnahmen:24,0:MON:02.01.2007:30.12.2008
TP.0728-GEW:Planung/Grunderwerb:24,0:MON:02.01.2007:30.12.2008
TP.0728-GEW:Genehmigung:0,0:MON:30.12.2008:30.12.2008
TP.0728-GEW:Ausführung:0,0:MON:30.12.2008:30.12.2008
TP.0728-EIN:Einnahmen:24,0:MON:02.01.2007:30.12.2008
TP.0729-GEW:Planung/Grunderwerb:24,0:MON:02.01.2007:30.12.2008
TP.0729-GEW:Genehmigung:0,0:MON:30.12.2008:30.12.2008
TP.0729-GEW:Ausführung:0,0:MON:30.12.2008:30.12.2008
TP.0729-EIN:Einnahmen:24,0:MON:02.01.2007:30.12.2008
TP.0730-GEW:Planung/Grunderwerb:12,0:MON:29.12.2006:28.12.2007
TP.0730-GEW:Genehmigung:0,0:MON:28.12.2007:28.12.2007
TP.0730-GEW:Ausführung:0,0:MON:28.12.2007:28.12.2007
TP.0730-EIN:Einnahmen:12,0:MON:29.12.2006:28.12.2007
TP.0731-GEW:Planung/Grunderwerb:12,0:MON:29.12.2006:28.12.2007
TP.0731-GEW:Genehmigung:0,0:MON:28.12.2007:28.12.2007
TP.0731-GEW:Ausführung:0,0:MON:28.12.2007:28.12.2007
TP.0731-EIN:Einnahmen:12,0:MON:29.12.2006:28.12.2007
TP.0732-KAN:Planung/Grunderwerb:6,0:MON:29.12.2005:28.06.2006
TP.0732-KAN:Genehmigung:6,0:MON:29.06.2006:28.12.2006
TP.0732-KAN:Ausführung:12,0:MON:29.12.2006:28.12.2007
TP.0733-KAN:Planung/Grunderwerb:6,0:MON:29.12.2005:28.06.2006
TP.0733-KAN:Genehmigung:6,0:MON:29.06.2006:28.12.2006
TP.0733-KAN:Ausführung:12,0:MON:29.12.2006:28.12.2007
TP.0735-GEW:Planung/Grunderwerb:18,0:MON:03.07.2006:02.01.2008
TP.0735-GEW:Genehmigung:0,0:MON:02.01.2008:02.01.2008
TP.0735-GEW:Ausführung:0,0:MON:02.01.2008:02.01.2008
TP.0735-EIN:Einnahmen:18,0:MON:03.07.2006:02.01.2008
TP.0736-TSP:Planung/Grunderwerb:12,0:MON:02.01.2009:30.12.2009
TP.0736-TSP:Genehmigung:0,0:MON:30.12.2009:30.12.2009
TP.0736-TSP:Ausführung:12,0:MON:04.01.2010:30.12.2010
TP.0736-EIN:Einnahmen:0,0:MON:28.06.2006:28.06.2006
TP.0737-TSP:Planung/Grunderwerb:12,0:MON:02.01.2009:30.12.2009
TP.0737-TSP:Genehmigung:0,0:MON:30.12.2009:30.12.2009
TP.0737-TSP:Ausführung:12,0:MON:04.01.2010:30.12.2010
TP.0737-EIN:Einnahmen:0,0:MON:28.06.2006:28.06.2006
TP.0738-KA:Planung/Grunderwerb:4,0:MON:02.01.2007:30.04.2007
TP.0738-KA:Genehmigung:0,0:MON:30.04.2007:30.04.2007
TP.0738-KA:Ausführung:9,0:MON:02.05.2007:31.01.2008
TP.0739-RÜB:Planung/Grunderwerb:2,0:MON:21.08.2006:20.10.2006
TP.0739-RÜB:Genehmigung:0,0:MON:20.10.2006:20.10.2006
TP.0739-RÜB:Ausführung:0,0:MON:20.10.2006:20.10.2006
TP.0742-BAU:Planung/Grunderwerb:0,0:MON:02.01.2006:02.01.2006
TP.0742-BAU:Genehmigung:0,0:MON:02.01.2006:02.01.2006
TP.0742-BAU:Ausführung:24,0:MON:02.01.2006:28.12.2007
TP.0744-BAU:Planung/Grunderwerb:0,0:MON:30.06.2005:30.06.2005
TP.0744-BAU:Genehmigung:0,0:MON:30.06.2005:30.06.2005
TP.0744-BAU:Ausführung:30,0:MON:01.07.2005:28.12.2007
